# JRE version: OpenJDK Runtime Environment (8.0_202-b03) (build 1.8.0_202-release-1483-b03)
# Java VM: OpenJDK 64-Bit Server VM (25.202-b03 mixed mode windows-amd64 compressed oops)
Heap:
 PSYoungGen      total 422912K, used 369940K [0x00000000e0000000, 0x0000000100000000, 0x0000000100000000)
  eden space 356352K, 85% used [0x00000000e0000000,0x00000000f2848be8,0x00000000f5c00000)
  from space 66560K, 99% used [0x00000000fbf00000,0x00000000ffffc4b0,0x0000000100000000)
  to   space 83968K, 0% used [0x00000000f5c00000,0x00000000f5c00000,0x00000000fae00000)
 ParOldGen       total 207360K, used 136429K [0x00000000a0000000, 0x00000000aca80000, 0x00000000e0000000)
  object space 207360K, 65% used [0x00000000a0000000,0x00000000a853b5b8,0x00000000aca80000)
 Metaspace       used 83910K, capacity 87363K, committed 87552K, reserved 1124352K
  class space    used 11021K, capacity 11700K, committed 11776K, reserved 1048576K
GC Heap History (10 events):
Event: 1318.561 GC heap before
{Heap before GC invocations=21 (full 4):
 PSYoungGen      total 318976K, used 313703K [0x00000000e0000000, 0x00000000fb900000, 0x0000000100000000)
  eden space 293888K, 100% used [0x00000000e0000000,0x00000000f1f00000,0x00000000f1f00000)
  from space 25088K, 78% used [0x00000000f5280000,0x00000000f65d9c48,0x00000000f6b00000)
  to   space 52736K, 0% used [0x00000000f1f00000,0x00000000f1f00000,0x00000000f5280000)
 ParOldGen       total 180224K, used 106275K [0x00000000a0000000, 0x00000000ab000000, 0x00000000e0000000)
  object space 180224K, 58% used [0x00000000a0000000,0x00000000a67c8da8,0x00000000ab000000)
 Metaspace       used 82219K, capacity 85381K, committed 85632K, reserved 1124352K
  class space    used 10930K, capacity 11555K, committed 11648K, reserved 1048576K
Event: 1318.682 GC heap after
Heap after GC invocations=21 (full 4):
 PSYoungGen      total 346624K, used 14144K [0x00000000e0000000, 0x00000000fb800000, 0x0000000100000000)
  eden space 293888K, 0% used [0x00000000e0000000,0x00000000e0000000,0x00000000f1f00000)
  from space 52736K, 26% used [0x00000000f1f00000,0x00000000f2cd0248,0x00000000f5280000)
  to   space 49664K, 0% used [0x00000000f8780000,0x00000000f8780000,0x00000000fb800000)
 ParOldGen       total 180224K, used 117252K [0x00000000a0000000, 0x00000000ab000000, 0x00000000e0000000)
  object space 180224K, 65% used [0x00000000a0000000,0x00000000a7281038,0x00000000ab000000)
 Metaspace       used 82219K, capacity 85381K, committed 85632K, reserved 1124352K
  class space    used 10930K, capacity 11555K, committed 11648K, reserved 1048576K
}
Event: 1339.535 GC heap before
{Heap before GC invocations=22 (full 4):
 PSYoungGen      total 346624K, used 308032K [0x00000000e0000000, 0x00000000fb800000, 0x0000000100000000)
  eden space 293888K, 100% used [0x00000000e0000000,0x00000000f1f00000,0x00000000f1f00000)
  from space 52736K, 26% used [0x00000000f1f00000,0x00000000f2cd0248,0x00000000f5280000)
  to   space 49664K, 0% used [0x00000000f8780000,0x00000000f8780000,0x00000000fb800000)
 ParOldGen       total 180224K, used 117252K [0x00000000a0000000, 0x00000000ab000000, 0x00000000e0000000)
  object space 180224K, 65% used [0x00000000a0000000,0x00000000a7281038,0x00000000ab000000)
 Metaspace       used 82671K, capacity 85797K, committed 85888K, reserved 1124352K
  class space    used 10941K, capacity 11587K, committed 11648K, reserved 1048576K
Event: 1339.886 GC heap after
Heap after GC invocations=22 (full 4):
 PSYoungGen      total 381440K, used 49662K [0x00000000e0000000, 0x00000000fe400000, 0x0000000100000000)
  eden space 331776K, 0% used [0x00000000e0000000,0x00000000e0000000,0x00000000f4400000)
  from space 49664K, 99% used [0x00000000f8780000,0x00000000fb7ff9f0,0x00000000fb800000)
  to   space 69120K, 0% used [0x00000000f4400000,0x00000000f4400000,0x00000000f8780000)
 ParOldGen       total 180224K, used 146335K [0x00000000a0000000, 0x00000000ab000000, 0x00000000e0000000)
  object space 180224K, 81% used [0x00000000a0000000,0x00000000a8ee7e70,0x00000000ab000000)
 Metaspace       used 82671K, capacity 85797K, committed 85888K, reserved 1124352K
  class space    used 10941K, capacity 11587K, committed 11648K, reserved 1048576K
}
Event: 1339.887 GC heap before
{Heap before GC invocations=23 (full 5):
 PSYoungGen      total 381440K, used 49662K [0x00000000e0000000, 0x00000000fe400000, 0x0000000100000000)
  eden space 331776K, 0% used [0x00000000e0000000,0x00000000e0000000,0x00000000f4400000)
  from space 49664K, 99% used [0x00000000f8780000,0x00000000fb7ff9f0,0x00000000fb800000)
  to   space 69120K, 0% used [0x00000000f4400000,0x00000000f4400000,0x00000000f8780000)
 ParOldGen       total 180224K, used 146335K [0x00000000a0000000, 0x00000000ab000000, 0x00000000e0000000)
  object space 180224K, 81% used [0x00000000a0000000,0x00000000a8ee7e70,0x00000000ab000000)
 Metaspace       used 82671K, capacity 85797K, committed 85888K, reserved 1124352K
  class space    used 10941K, capacity 11587K, committed 11648K, reserved 1048576K
Event: 1341.224 GC heap after
Heap after GC invocations=23 (full 5):
 PSYoungGen      total 381440K, used 0K [0x00000000e0000000, 0x00000000fe400000, 0x0000000100000000)
  eden space 331776K, 0% used [0x00000000e0000000,0x00000000e0000000,0x00000000f4400000)
  from space 49664K, 0% used [0x00000000f8780000,0x00000000f8780000,0x00000000fb800000)
  to   space 69120K, 0% used [0x00000000f4400000,0x00000000f4400000,0x00000000f8780000)
 ParOldGen       total 207360K, used 122457K [0x00000000a0000000, 0x00000000aca80000, 0x00000000e0000000)
  object space 207360K, 59% used [0x00000000a0000000,0x00000000a77967b0,0x00000000aca80000)
 Metaspace       used 82671K, capacity 85797K, committed 85888K, reserved 1124352K
  class space    used 10941K, capacity 11587K, committed 11648K, reserved 1048576K
}
Event: 4969.539 GC heap before
{Heap before GC invocations=24 (full 5):
 PSYoungGen      total 381440K, used 331776K [0x00000000e0000000, 0x00000000fe400000, 0x0000000100000000)
  eden space 331776K, 100% used [0x00000000e0000000,0x00000000f4400000,0x00000000f4400000)
  from space 49664K, 0% used [0x00000000f8780000,0x00000000f8780000,0x00000000fb800000)
  to   space 69120K, 0% used [0x00000000f4400000,0x00000000f4400000,0x00000000f8780000)
 ParOldGen       total 207360K, used 122457K [0x00000000a0000000, 0x00000000aca80000, 0x00000000e0000000)
  object space 207360K, 59% used [0x00000000a0000000,0x00000000a77967b0,0x00000000aca80000)
 Metaspace       used 83282K, capacity 86565K, committed 86656K, reserved 1124352K
  class space    used 10983K, capacity 11639K, committed 11648K, reserved 1048576K
Event: 4975.451 GC heap after
Heap after GC invocations=24 (full 5):
 PSYoungGen      total 400896K, used 11968K [0x00000000e0000000, 0x0000000100000000, 0x0000000100000000)
  eden space 331776K, 0% used [0x00000000e0000000,0x00000000e0000000,0x00000000f4400000)
  from space 69120K, 17% used [0x00000000f4400000,0x00000000f4fb00d0,0x00000000f8780000)
  to   space 66560K, 0% used [0x00000000fbf00000,0x00000000fbf00000,0x0000000100000000)
 ParOldGen       total 207360K, used 122465K [0x00000000a0000000, 0x00000000aca80000, 0x00000000e0000000)
  object space 207360K, 59% used [0x00000000a0000000,0x00000000a77987b0,0x00000000aca80000)
 Metaspace       used 83282K, capacity 86565K, committed 86656K, reserved 1124352K
  class space    used 10983K, capacity 11639K, committed 11648K, reserved 1048576K
}
Event: 5037.248 GC heap before
{Heap before GC invocations=25 (full 5):
 PSYoungGen      total 400896K, used 343685K [0x00000000e0000000, 0x0000000100000000, 0x0000000100000000)
  eden space 331776K, 99% used [0x00000000e0000000,0x00000000f43f16e8,0x00000000f4400000)
  from space 69120K, 17% used [0x00000000f4400000,0x00000000f4fb00d0,0x00000000f8780000)
  to   space 66560K, 0% used [0x00000000fbf00000,0x00000000fbf00000,0x0000000100000000)
 ParOldGen       total 207360K, used 122465K [0x00000000a0000000, 0x00000000aca80000, 0x00000000e0000000)
  object space 207360K, 59% used [0x00000000a0000000,0x00000000a77987b0,0x00000000aca80000)
 Metaspace       used 83634K, capacity 86873K, committed 87040K, reserved 1124352K
  class space    used 10994K, capacity 11651K, committed 11776K, reserved 1048576K
Event: 5037.607 GC heap after
Heap after GC invocations=25 (full 5):
 PSYoungGen      total 422912K, used 66545K [0x00000000e0000000, 0x0000000100000000, 0x0000000100000000)
  eden space 356352K, 0% used [0x00000000e0000000,0x00000000e0000000,0x00000000f5c00000)
  from space 66560K, 99% used [0x00000000fbf00000,0x00000000ffffc4b0,0x0000000100000000)
  to   space 83968K, 0% used [0x00000000f5c00000,0x00000000f5c00000,0x00000000fae00000)
 ParOldGen       total 207360K, used 136429K [0x00000000a0000000, 0x00000000aca80000, 0x00000000e0000000)
  object space 207360K, 65% used [0x00000000a0000000,0x00000000a853b5b8,0x00000000aca80000)
 Metaspace       used 83634K, capacity 86873K, committed 87040K, reserved 1124352K
  class space    used 10994K, capacity 11651K, committed 11776K, reserved 1048576K
}

