# JRE version: OpenJDK Runtime Environment (8.0_202-b03) (build 1.8.0_202-release-1483-b03)
# Java VM: OpenJDK 64-Bit Server VM (25.202-b03 mixed mode windows-amd64 compressed oops)
Heap:
 PSYoungGen      total 332288K, used 111607K [0x00000000e0000000, 0x00000000f8c80000, 0x0000000100000000)
  eden space 266752K, 36% used [0x00000000e0000000,0x00000000e5f55110,0x00000000f0480000)
  from space 65536K, 21% used [0x00000000f4c80000,0x00000000f5a28eb0,0x00000000f8c80000)
  to   space 69632K, 0% used [0x00000000f0480000,0x00000000f0480000,0x00000000f4880000)
 ParOldGen       total 182272K, used 136504K [0x00000000a0000000, 0x00000000ab200000, 0x00000000e0000000)
  object space 182272K, 74% used [0x00000000a0000000,0x00000000a854e3f8,0x00000000ab200000)
 Metaspace       used 87973K, capacity 91548K, committed 91608K, reserved 1128448K
  class space    used 11268K, capacity 11976K, committed 12032K, reserved 1048576K
GC Heap History (10 events):
Event: 7328.127 GC heap before
{Heap before GC invocations=49 (full 5):
 PSYoungGen      total 232448K, used 173568K [0x00000000e0000000, 0x00000000f4300000, 0x0000000100000000)
  eden space 173568K, 100% used [0x00000000e0000000,0x00000000ea980000,0x00000000ea980000)
  from space 58880K, 0% used [0x00000000ea980000,0x00000000ea980000,0x00000000ee300000)
  to   space 64000K, 0% used [0x00000000f0480000,0x00000000f0480000,0x00000000f4300000)
 ParOldGen       total 182272K, used 99002K [0x00000000a0000000, 0x00000000ab200000, 0x00000000e0000000)
  object space 182272K, 54% used [0x00000000a0000000,0x00000000a60aebc0,0x00000000ab200000)
 Metaspace       used 87096K, capacity 90450K, committed 90712K, reserved 1128448K
  class space    used 11198K, capacity 11879K, committed 11904K, reserved 1048576K
Event: 7328.297 GC heap after
Heap after GC invocations=49 (full 5):
 PSYoungGen      total 262656K, used 44737K [0x00000000e0000000, 0x00000000f4c80000, 0x0000000100000000)
  eden space 198656K, 0% used [0x00000000e0000000,0x00000000e0000000,0x00000000ec200000)
  from space 64000K, 69% used [0x00000000f0480000,0x00000000f30307f8,0x00000000f4300000)
  to   space 68096K, 0% used [0x00000000ec200000,0x00000000ec200000,0x00000000f0480000)
 ParOldGen       total 182272K, used 99002K [0x00000000a0000000, 0x00000000ab200000, 0x00000000e0000000)
  object space 182272K, 54% used [0x00000000a0000000,0x00000000a60aebc0,0x00000000ab200000)
 Metaspace       used 87096K, capacity 90450K, committed 90712K, reserved 1128448K
  class space    used 11198K, capacity 11879K, committed 11904K, reserved 1048576K
}
Event: 7546.573 GC heap before
{Heap before GC invocations=50 (full 5):
 PSYoungGen      total 262656K, used 243393K [0x00000000e0000000, 0x00000000f4c80000, 0x0000000100000000)
  eden space 198656K, 100% used [0x00000000e0000000,0x00000000ec200000,0x00000000ec200000)
  from space 64000K, 69% used [0x00000000f0480000,0x00000000f30307f8,0x00000000f4300000)
  to   space 68096K, 0% used [0x00000000ec200000,0x00000000ec200000,0x00000000f0480000)
 ParOldGen       total 182272K, used 99002K [0x00000000a0000000, 0x00000000ab200000, 0x00000000e0000000)
  object space 182272K, 54% used [0x00000000a0000000,0x00000000a60aebc0,0x00000000ab200000)
 Metaspace       used 87353K, capacity 90642K, committed 90712K, reserved 1128448K
  class space    used 11211K, capacity 11901K, committed 11904K, reserved 1048576K
Event: 7552.511 GC heap after
Heap after GC invocations=50 (full 5):
 PSYoungGen      total 266752K, used 13895K [0x00000000e0000000, 0x00000000f6480000, 0x0000000100000000)
  eden space 198656K, 0% used [0x00000000e0000000,0x00000000e0000000,0x00000000ec200000)
  from space 68096K, 20% used [0x00000000ec200000,0x00000000ecf91c18,0x00000000f0480000)
  to   space 65536K, 0% used [0x00000000f2480000,0x00000000f2480000,0x00000000f6480000)
 ParOldGen       total 182272K, used 124100K [0x00000000a0000000, 0x00000000ab200000, 0x00000000e0000000)
  object space 182272K, 68% used [0x00000000a0000000,0x00000000a7931138,0x00000000ab200000)
 Metaspace       used 87353K, capacity 90642K, committed 90712K, reserved 1128448K
  class space    used 11211K, capacity 11901K, committed 11904K, reserved 1048576K
}
Event: 7577.827 GC heap before
{Heap before GC invocations=51 (full 5):
 PSYoungGen      total 266752K, used 212551K [0x00000000e0000000, 0x00000000f6480000, 0x0000000100000000)
  eden space 198656K, 100% used [0x00000000e0000000,0x00000000ec200000,0x00000000ec200000)
  from space 68096K, 20% used [0x00000000ec200000,0x00000000ecf91c18,0x00000000f0480000)
  to   space 65536K, 0% used [0x00000000f2480000,0x00000000f2480000,0x00000000f6480000)
 ParOldGen       total 182272K, used 124100K [0x00000000a0000000, 0x00000000ab200000, 0x00000000e0000000)
  object space 182272K, 68% used [0x00000000a0000000,0x00000000a7931138,0x00000000ab200000)
 Metaspace       used 87435K, capacity 90800K, committed 91096K, reserved 1128448K
  class space    used 11214K, capacity 11906K, committed 12032K, reserved 1048576K
Event: 7578.352 GC heap after
Heap after GC invocations=51 (full 5):
 PSYoungGen      total 292352K, used 54234K [0x00000000e0000000, 0x00000000f7280000, 0x0000000100000000)
  eden space 226816K, 0% used [0x00000000e0000000,0x00000000e0000000,0x00000000edd80000)
  from space 65536K, 82% used [0x00000000f2480000,0x00000000f5976940,0x00000000f6480000)
  to   space 72704K, 0% used [0x00000000edd80000,0x00000000edd80000,0x00000000f2480000)
 ParOldGen       total 182272K, used 134973K [0x00000000a0000000, 0x00000000ab200000, 0x00000000e0000000)
  object space 182272K, 74% used [0x00000000a0000000,0x00000000a83cf570,0x00000000ab200000)
 Metaspace       used 87435K, capacity 90800K, committed 91096K, reserved 1128448K
  class space    used 11214K, capacity 11906K, committed 12032K, reserved 1048576K
}
Event: 7778.184 GC heap before
{Heap before GC invocations=52 (full 5):
 PSYoungGen      total 292352K, used 281050K [0x00000000e0000000, 0x00000000f7280000, 0x0000000100000000)
  eden space 226816K, 100% used [0x00000000e0000000,0x00000000edd80000,0x00000000edd80000)
  from space 65536K, 82% used [0x00000000f2480000,0x00000000f5976940,0x00000000f6480000)
  to   space 72704K, 0% used [0x00000000edd80000,0x00000000edd80000,0x00000000f2480000)
 ParOldGen       total 182272K, used 134973K [0x00000000a0000000, 0x00000000ab200000, 0x00000000e0000000)
  object space 182272K, 74% used [0x00000000a0000000,0x00000000a83cf570,0x00000000ab200000)
 Metaspace       used 87561K, capacity 90956K, committed 91096K, reserved 1128448K
  class space    used 11228K, capacity 11932K, committed 12032K, reserved 1048576K
Event: 7784.070 GC heap after
Heap after GC invocations=52 (full 5):
 PSYoungGen      total 299520K, used 1568K [0x00000000e0000000, 0x00000000f9380000, 0x0000000100000000)
  eden space 226816K, 0% used [0x00000000e0000000,0x00000000e0000000,0x00000000edd80000)
  from space 72704K, 2% used [0x00000000edd80000,0x00000000edf08000,0x00000000f2480000)
  to   space 72704K, 0% used [0x00000000f4c80000,0x00000000f4c80000,0x00000000f9380000)
 ParOldGen       total 182272K, used 135872K [0x00000000a0000000, 0x00000000ab200000, 0x00000000e0000000)
  object space 182272K, 74% used [0x00000000a0000000,0x00000000a84b0398,0x00000000ab200000)
 Metaspace       used 87561K, capacity 90956K, committed 91096K, reserved 1128448K
  class space    used 11228K, capacity 11932K, committed 12032K, reserved 1048576K
}
Event: 8253.054 GC heap before
{Heap before GC invocations=53 (full 5):
 PSYoungGen      total 299520K, used 228384K [0x00000000e0000000, 0x00000000f9380000, 0x0000000100000000)
  eden space 226816K, 100% used [0x00000000e0000000,0x00000000edd80000,0x00000000edd80000)
  from space 72704K, 2% used [0x00000000edd80000,0x00000000edf08000,0x00000000f2480000)
  to   space 72704K, 0% used [0x00000000f4c80000,0x00000000f4c80000,0x00000000f9380000)
 ParOldGen       total 182272K, used 135872K [0x00000000a0000000, 0x00000000ab200000, 0x00000000e0000000)
  object space 182272K, 74% used [0x00000000a0000000,0x00000000a84b0398,0x00000000ab200000)
 Metaspace       used 87886K, capacity 91516K, committed 91608K, reserved 1128448K
  class space    used 11264K, capacity 11972K, committed 12032K, reserved 1048576K
Event: 8260.347 GC heap after
Heap after GC invocations=53 (full 5):
 PSYoungGen      total 332288K, used 13987K [0x00000000e0000000, 0x00000000f8c80000, 0x0000000100000000)
  eden space 266752K, 0% used [0x00000000e0000000,0x00000000e0000000,0x00000000f0480000)
  from space 65536K, 21% used [0x00000000f4c80000,0x00000000f5a28eb0,0x00000000f8c80000)
  to   space 69632K, 0% used [0x00000000f0480000,0x00000000f0480000,0x00000000f4880000)
 ParOldGen       total 182272K, used 136504K [0x00000000a0000000, 0x00000000ab200000, 0x00000000e0000000)
  object space 182272K, 74% used [0x00000000a0000000,0x00000000a854e3f8,0x00000000ab200000)
 Metaspace       used 87886K, capacity 91516K, committed 91608K, reserved 1128448K
  class space    used 11264K, capacity 11972K, committed 12032K, reserved 1048576K
}

