# JRE version: OpenJDK Runtime Environment (8.0_202-b03) (build 1.8.0_202-release-1483-b03)
# Java VM: OpenJDK 64-Bit Server VM (25.202-b03 mixed mode windows-amd64 compressed oops)
Heap:
 PSYoungGen      total 31744K, used 18107K [0x00000000e0000000, 0x00000000e4400000, 0x0000000100000000)
  eden space 29696K, 54% used [0x00000000e0000000,0x00000000e0fb6c60,0x00000000e1d00000)
  from space 2048K, 98% used [0x00000000e1d00000,0x00000000e1ef8020,0x00000000e1f00000)
  to   space 5120K, 0% used [0x00000000e3f00000,0x00000000e3f00000,0x00000000e4400000)
 ParOldGen       total 38400K, used 6723K [0x00000000a0000000, 0x00000000a2580000, 0x00000000e0000000)
  object space 38400K, 17% used [0x00000000a0000000,0x00000000a0690fe0,0x00000000a2580000)
 Metaspace       used 14126K, capacity 14524K, committed 14720K, reserved 1062912K
  class space    used 1956K, capacity 2084K, committed 2176K, reserved 1048576K
GC Heap History (10 events):
Event: 2.183 GC heap before
{Heap before GC invocations=1 (full 0):
 PSYoungGen      total 16896K, used 14848K [0x00000000e0000000, 0x00000000e1280000, 0x0000000100000000)
  eden space 14848K, 100% used [0x00000000e0000000,0x00000000e0e80000,0x00000000e0e80000)
  from space 2048K, 0% used [0x00000000e1080000,0x00000000e1080000,0x00000000e1280000)
  to   space 2048K, 0% used [0x00000000e0e80000,0x00000000e0e80000,0x00000000e1080000)
 ParOldGen       total 38400K, used 0K [0x00000000a0000000, 0x00000000a2580000, 0x00000000e0000000)
  object space 38400K, 0% used [0x00000000a0000000,0x00000000a0000000,0x00000000a2580000)
 Metaspace       used 6091K, capacity 6280K, committed 6528K, reserved 1056768K
  class space    used 738K, capacity 780K, committed 896K, reserved 1048576K
Event: 2.196 GC heap after
Heap after GC invocations=1 (full 0):
 PSYoungGen      total 16896K, used 2025K [0x00000000e0000000, 0x00000000e1280000, 0x0000000100000000)
  eden space 14848K, 0% used [0x00000000e0000000,0x00000000e0000000,0x00000000e0e80000)
  from space 2048K, 98% used [0x00000000e0e80000,0x00000000e107a748,0x00000000e1080000)
  to   space 2048K, 0% used [0x00000000e1080000,0x00000000e1080000,0x00000000e1280000)
 ParOldGen       total 38400K, used 516K [0x00000000a0000000, 0x00000000a2580000, 0x00000000e0000000)
  object space 38400K, 1% used [0x00000000a0000000,0x00000000a00810f0,0x00000000a2580000)
 Metaspace       used 6091K, capacity 6280K, committed 6528K, reserved 1056768K
  class space    used 738K, capacity 780K, committed 896K, reserved 1048576K
}
Event: 3.414 GC heap before
{Heap before GC invocations=2 (full 0):
 PSYoungGen      total 16896K, used 16873K [0x00000000e0000000, 0x00000000e1280000, 0x0000000100000000)
  eden space 14848K, 100% used [0x00000000e0000000,0x00000000e0e80000,0x00000000e0e80000)
  from space 2048K, 98% used [0x00000000e0e80000,0x00000000e107a748,0x00000000e1080000)
  to   space 2048K, 0% used [0x00000000e1080000,0x00000000e1080000,0x00000000e1280000)
 ParOldGen       total 38400K, used 516K [0x00000000a0000000, 0x00000000a2580000, 0x00000000e0000000)
  object space 38400K, 1% used [0x00000000a0000000,0x00000000a00810f0,0x00000000a2580000)
 Metaspace       used 6952K, capacity 7176K, committed 7424K, reserved 1056768K
  class space    used 850K, capacity 908K, committed 1024K, reserved 1048576K
Event: 3.421 GC heap after
Heap after GC invocations=2 (full 0):
 PSYoungGen      total 16896K, used 2016K [0x00000000e0000000, 0x00000000e1280000, 0x0000000100000000)
  eden space 14848K, 0% used [0x00000000e0000000,0x00000000e0000000,0x00000000e0e80000)
  from space 2048K, 98% used [0x00000000e1080000,0x00000000e1278020,0x00000000e1280000)
  to   space 2048K, 0% used [0x00000000e0e80000,0x00000000e0e80000,0x00000000e1080000)
 ParOldGen       total 38400K, used 1450K [0x00000000a0000000, 0x00000000a2580000, 0x00000000e0000000)
  object space 38400K, 3% used [0x00000000a0000000,0x00000000a016a8b0,0x00000000a2580000)
 Metaspace       used 6952K, capacity 7176K, committed 7424K, reserved 1056768K
  class space    used 850K, capacity 908K, committed 1024K, reserved 1048576K
}
Event: 4.281 GC heap before
{Heap before GC invocations=3 (full 0):
 PSYoungGen      total 16896K, used 16857K [0x00000000e0000000, 0x00000000e1280000, 0x0000000100000000)
  eden space 14848K, 99% used [0x00000000e0000000,0x00000000e0e7e5a0,0x00000000e0e80000)
  from space 2048K, 98% used [0x00000000e1080000,0x00000000e1278020,0x00000000e1280000)
  to   space 2048K, 0% used [0x00000000e0e80000,0x00000000e0e80000,0x00000000e1080000)
 ParOldGen       total 38400K, used 1450K [0x00000000a0000000, 0x00000000a2580000, 0x00000000e0000000)
  object space 38400K, 3% used [0x00000000a0000000,0x00000000a016a8b0,0x00000000a2580000)
 Metaspace       used 7087K, capacity 7336K, committed 7424K, reserved 1056768K
  class space    used 859K, capacity 940K, committed 1024K, reserved 1048576K
Event: 4.299 GC heap after
Heap after GC invocations=3 (full 0):
 PSYoungGen      total 16896K, used 2036K [0x00000000e0000000, 0x00000000e2100000, 0x0000000100000000)
  eden space 14848K, 0% used [0x00000000e0000000,0x00000000e0000000,0x00000000e0e80000)
  from space 2048K, 99% used [0x00000000e0e80000,0x00000000e107d380,0x00000000e1080000)
  to   space 2048K, 0% used [0x00000000e1f00000,0x00000000e1f00000,0x00000000e2100000)
 ParOldGen       total 38400K, used 2012K [0x00000000a0000000, 0x00000000a2580000, 0x00000000e0000000)
  object space 38400K, 5% used [0x00000000a0000000,0x00000000a01f7108,0x00000000a2580000)
 Metaspace       used 7087K, capacity 7336K, committed 7424K, reserved 1056768K
  class space    used 859K, capacity 940K, committed 1024K, reserved 1048576K
}
Event: 4.883 GC heap before
{Heap before GC invocations=4 (full 0):
 PSYoungGen      total 16896K, used 16884K [0x00000000e0000000, 0x00000000e2100000, 0x0000000100000000)
  eden space 14848K, 100% used [0x00000000e0000000,0x00000000e0e80000,0x00000000e0e80000)
  from space 2048K, 99% used [0x00000000e0e80000,0x00000000e107d380,0x00000000e1080000)
  to   space 2048K, 0% used [0x00000000e1f00000,0x00000000e1f00000,0x00000000e2100000)
 ParOldGen       total 38400K, used 2012K [0x00000000a0000000, 0x00000000a2580000, 0x00000000e0000000)
  object space 38400K, 5% used [0x00000000a0000000,0x00000000a01f7108,0x00000000a2580000)
 Metaspace       used 7679K, capacity 7906K, committed 8064K, reserved 1056768K
  class space    used 983K, capacity 1045K, committed 1152K, reserved 1048576K
Event: 4.907 GC heap after
Heap after GC invocations=4 (full 0):
 PSYoungGen      total 31744K, used 2048K [0x00000000e0000000, 0x00000000e2100000, 0x0000000100000000)
  eden space 29696K, 0% used [0x00000000e0000000,0x00000000e0000000,0x00000000e1d00000)
  from space 2048K, 100% used [0x00000000e1f00000,0x00000000e2100000,0x00000000e2100000)
  to   space 2048K, 0% used [0x00000000e1d00000,0x00000000e1d00000,0x00000000e1f00000)
 ParOldGen       total 38400K, used 3115K [0x00000000a0000000, 0x00000000a2580000, 0x00000000e0000000)
  object space 38400K, 8% used [0x00000000a0000000,0x00000000a030afb8,0x00000000a2580000)
 Metaspace       used 7679K, capacity 7906K, committed 8064K, reserved 1056768K
  class space    used 983K, capacity 1045K, committed 1152K, reserved 1048576K
}
Event: 11.713 GC heap before
{Heap before GC invocations=5 (full 0):
 PSYoungGen      total 31744K, used 31744K [0x00000000e0000000, 0x00000000e2100000, 0x0000000100000000)
  eden space 29696K, 100% used [0x00000000e0000000,0x00000000e1d00000,0x00000000e1d00000)
  from space 2048K, 100% used [0x00000000e1f00000,0x00000000e2100000,0x00000000e2100000)
  to   space 2048K, 0% used [0x00000000e1d00000,0x00000000e1d00000,0x00000000e1f00000)
 ParOldGen       total 38400K, used 3115K [0x00000000a0000000, 0x00000000a2580000, 0x00000000e0000000)
  object space 38400K, 8% used [0x00000000a0000000,0x00000000a030afb8,0x00000000a2580000)
 Metaspace       used 12524K, capacity 12918K, committed 13184K, reserved 1060864K
  class space    used 1701K, capacity 1825K, committed 1920K, reserved 1048576K
Event: 11.728 GC heap after
Heap after GC invocations=5 (full 0):
 PSYoungGen      total 31744K, used 2016K [0x00000000e0000000, 0x00000000e4400000, 0x0000000100000000)
  eden space 29696K, 0% used [0x00000000e0000000,0x00000000e0000000,0x00000000e1d00000)
  from space 2048K, 98% used [0x00000000e1d00000,0x00000000e1ef8020,0x00000000e1f00000)
  to   space 5120K, 0% used [0x00000000e3f00000,0x00000000e3f00000,0x00000000e4400000)
 ParOldGen       total 38400K, used 6723K [0x00000000a0000000, 0x00000000a2580000, 0x00000000e0000000)
  object space 38400K, 17% used [0x00000000a0000000,0x00000000a0690fe0,0x00000000a2580000)
 Metaspace       used 12524K, capacity 12918K, committed 13184K, reserved 1060864K
  class space    used 1701K, capacity 1825K, committed 1920K, reserved 1048576K
}

