# JRE version: OpenJDK Runtime Environment (8.0_202-b03) (build 1.8.0_202-release-1483-b03)
# Java VM: OpenJDK 64-Bit Server VM (25.202-b03 mixed mode windows-amd64 compressed oops)
Heap:
 PSYoungGen      total 246784K, used 206602K [0x00000000e0000000, 0x00000000f3f80000, 0x0000000100000000)
  eden space 185856K, 98% used [0x00000000e0000000,0x00000000eb1ec5b8,0x00000000eb580000)
  from space 60928K, 40% used [0x00000000eb580000,0x00000000ecd56248,0x00000000ef100000)
  to   space 57856K, 0% used [0x00000000f0700000,0x00000000f0700000,0x00000000f3f80000)
 ParOldGen       total 202240K, used 105008K [0x00000000a0000000, 0x00000000ac580000, 0x00000000e0000000)
  object space 202240K, 51% used [0x00000000a0000000,0x00000000a668c100,0x00000000ac580000)
 Metaspace       used 93147K, capacity 97232K, committed 97664K, reserved 1134592K
  class space    used 11808K, capacity 12592K, committed 12672K, reserved 1048576K
GC Heap History (10 events):
Event: 9555.162 GC heap before
{Heap before GC invocations=68 (full 8):
 PSYoungGen      total 208384K, used 159251K [0x00000000e0000000, 0x00000000f1980000, 0x0000000100000000)
  eden space 148480K, 100% used [0x00000000e0000000,0x00000000e9100000,0x00000000e9100000)
  from space 59904K, 17% used [0x00000000e9100000,0x00000000e9b84ee8,0x00000000ecb80000)
  to   space 57856K, 0% used [0x00000000ee100000,0x00000000ee100000,0x00000000f1980000)
 ParOldGen       total 202752K, used 165741K [0x00000000a0000000, 0x00000000ac600000, 0x00000000e0000000)
  object space 202752K, 81% used [0x00000000a0000000,0x00000000aa1db668,0x00000000ac600000)
 Metaspace       used 92771K, capacity 96858K, committed 97152K, reserved 1134592K
  class space    used 11797K, capacity 12585K, committed 12672K, reserved 1048576K
Event: 9566.764 GC heap after
Heap after GC invocations=68 (full 8):
 PSYoungGen      total 222208K, used 9800K [0x00000000e0000000, 0x00000000f1380000, 0x0000000100000000)
  eden space 170496K, 0% used [0x00000000e0000000,0x00000000e0000000,0x00000000ea680000)
  from space 51712K, 18% used [0x00000000ee100000,0x00000000eea923f8,0x00000000f1380000)
  to   space 55808K, 0% used [0x00000000ea680000,0x00000000ea680000,0x00000000edd00000)
 ParOldGen       total 202752K, used 167281K [0x00000000a0000000, 0x00000000ac600000, 0x00000000e0000000)
  object space 202752K, 82% used [0x00000000a0000000,0x00000000aa35c6a8,0x00000000ac600000)
 Metaspace       used 92771K, capacity 96858K, committed 97152K, reserved 1134592K
  class space    used 11797K, capacity 12585K, committed 12672K, reserved 1048576K
}
Event: 9740.513 GC heap before
{Heap before GC invocations=69 (full 8):
 PSYoungGen      total 222208K, used 180296K [0x00000000e0000000, 0x00000000f1380000, 0x0000000100000000)
  eden space 170496K, 100% used [0x00000000e0000000,0x00000000ea680000,0x00000000ea680000)
  from space 51712K, 18% used [0x00000000ee100000,0x00000000eea923f8,0x00000000f1380000)
  to   space 55808K, 0% used [0x00000000ea680000,0x00000000ea680000,0x00000000edd00000)
 ParOldGen       total 202752K, used 167281K [0x00000000a0000000, 0x00000000ac600000, 0x00000000e0000000)
  object space 202752K, 82% used [0x00000000a0000000,0x00000000aa35c6a8,0x00000000ac600000)
 Metaspace       used 92975K, capacity 97100K, committed 97408K, reserved 1134592K
  class space    used 11814K, capacity 12614K, committed 12672K, reserved 1048576K
Event: 9740.565 GC heap after
Heap after GC invocations=69 (full 8):
 PSYoungGen      total 226304K, used 14609K [0x00000000e0000000, 0x00000000f2480000, 0x0000000100000000)
  eden space 170496K, 0% used [0x00000000e0000000,0x00000000e0000000,0x00000000ea680000)
  from space 55808K, 26% used [0x00000000ea680000,0x00000000eb4c47c0,0x00000000edd00000)
  to   space 52736K, 0% used [0x00000000ef100000,0x00000000ef100000,0x00000000f2480000)
 ParOldGen       total 202752K, used 170060K [0x00000000a0000000, 0x00000000ac600000, 0x00000000e0000000)
  object space 202752K, 83% used [0x00000000a0000000,0x00000000aa6130b8,0x00000000ac600000)
 Metaspace       used 92975K, capacity 97100K, committed 97408K, reserved 1134592K
  class space    used 11814K, capacity 12614K, committed 12672K, reserved 1048576K
}
Event: 9763.223 GC heap before
{Heap before GC invocations=70 (full 8):
 PSYoungGen      total 226304K, used 185105K [0x00000000e0000000, 0x00000000f2480000, 0x0000000100000000)
  eden space 170496K, 100% used [0x00000000e0000000,0x00000000ea680000,0x00000000ea680000)
  from space 55808K, 26% used [0x00000000ea680000,0x00000000eb4c47c0,0x00000000edd00000)
  to   space 52736K, 0% used [0x00000000ef100000,0x00000000ef100000,0x00000000f2480000)
 ParOldGen       total 202752K, used 170060K [0x00000000a0000000, 0x00000000ac600000, 0x00000000e0000000)
  object space 202752K, 83% used [0x00000000a0000000,0x00000000aa6130b8,0x00000000ac600000)
 Metaspace       used 93059K, capacity 97158K, committed 97408K, reserved 1134592K
  class space    used 11821K, capacity 12623K, committed 12672K, reserved 1048576K
Event: 9763.458 GC heap after
Heap after GC invocations=70 (full 8):
 PSYoungGen      total 238592K, used 49761K [0x00000000e0000000, 0x00000000f3380000, 0x0000000100000000)
  eden space 185856K, 0% used [0x00000000e0000000,0x00000000e0000000,0x00000000eb580000)
  from space 52736K, 94% used [0x00000000ef100000,0x00000000f2198530,0x00000000f2480000)
  to   space 60928K, 0% used [0x00000000eb580000,0x00000000eb580000,0x00000000ef100000)
 ParOldGen       total 202752K, used 180669K [0x00000000a0000000, 0x00000000ac600000, 0x00000000e0000000)
  object space 202752K, 89% used [0x00000000a0000000,0x00000000ab06f4e0,0x00000000ac600000)
 Metaspace       used 93059K, capacity 97158K, committed 97408K, reserved 1134592K
  class space    used 11821K, capacity 12623K, committed 12672K, reserved 1048576K
}
Event: 9763.478 GC heap before
{Heap before GC invocations=71 (full 9):
 PSYoungGen      total 238592K, used 49761K [0x00000000e0000000, 0x00000000f3380000, 0x0000000100000000)
  eden space 185856K, 0% used [0x00000000e0000000,0x00000000e0000000,0x00000000eb580000)
  from space 52736K, 94% used [0x00000000ef100000,0x00000000f2198530,0x00000000f2480000)
  to   space 60928K, 0% used [0x00000000eb580000,0x00000000eb580000,0x00000000ef100000)
 ParOldGen       total 202752K, used 180669K [0x00000000a0000000, 0x00000000ac600000, 0x00000000e0000000)
  object space 202752K, 89% used [0x00000000a0000000,0x00000000ab06f4e0,0x00000000ac600000)
 Metaspace       used 93059K, capacity 97158K, committed 97408K, reserved 1134592K
  class space    used 11821K, capacity 12623K, committed 12672K, reserved 1048576K
Event: 9779.962 GC heap after
Heap after GC invocations=71 (full 9):
 PSYoungGen      total 238592K, used 0K [0x00000000e0000000, 0x00000000f3380000, 0x0000000100000000)
  eden space 185856K, 0% used [0x00000000e0000000,0x00000000e0000000,0x00000000eb580000)
  from space 52736K, 0% used [0x00000000ef100000,0x00000000ef100000,0x00000000f2480000)
  to   space 60928K, 0% used [0x00000000eb580000,0x00000000eb580000,0x00000000ef100000)
 ParOldGen       total 202240K, used 105008K [0x00000000a0000000, 0x00000000ac580000, 0x00000000e0000000)
  object space 202240K, 51% used [0x00000000a0000000,0x00000000a668c100,0x00000000ac580000)
 Metaspace       used 92884K, capacity 96870K, committed 97408K, reserved 1134592K
  class space    used 11795K, capacity 12575K, committed 12672K, reserved 1048576K
}
Event: 9784.120 GC heap before
{Heap before GC invocations=72 (full 9):
 PSYoungGen      total 238592K, used 185042K [0x00000000e0000000, 0x00000000f3380000, 0x0000000100000000)
  eden space 185856K, 99% used [0x00000000e0000000,0x00000000eb4b4a60,0x00000000eb580000)
  from space 52736K, 0% used [0x00000000ef100000,0x00000000ef100000,0x00000000f2480000)
  to   space 60928K, 0% used [0x00000000eb580000,0x00000000eb580000,0x00000000ef100000)
 ParOldGen       total 202240K, used 105008K [0x00000000a0000000, 0x00000000ac580000, 0x00000000e0000000)
  object space 202240K, 51% used [0x00000000a0000000,0x00000000a668c100,0x00000000ac580000)
 Metaspace       used 92925K, capacity 96934K, committed 97408K, reserved 1134592K
  class space    used 11798K, capacity 12575K, committed 12672K, reserved 1048576K
Event: 9784.801 GC heap after
Heap after GC invocations=72 (full 9):
 PSYoungGen      total 246784K, used 24408K [0x00000000e0000000, 0x00000000f3f80000, 0x0000000100000000)
  eden space 185856K, 0% used [0x00000000e0000000,0x00000000e0000000,0x00000000eb580000)
  from space 60928K, 40% used [0x00000000eb580000,0x00000000ecd56248,0x00000000ef100000)
  to   space 57856K, 0% used [0x00000000f0700000,0x00000000f0700000,0x00000000f3f80000)
 ParOldGen       total 202240K, used 105008K [0x00000000a0000000, 0x00000000ac580000, 0x00000000e0000000)
  object space 202240K, 51% used [0x00000000a0000000,0x00000000a668c100,0x00000000ac580000)
 Metaspace       used 92925K, capacity 96934K, committed 97408K, reserved 1134592K
  class space    used 11798K, capacity 12575K, committed 12672K, reserved 1048576K
}

