# JRE version: OpenJDK Runtime Environment (8.0_202-b03) (build 1.8.0_202-release-1483-b03)
# Java VM: OpenJDK 64-Bit Server VM (25.202-b03 mixed mode windows-amd64 compressed oops)
Heap:
 PSYoungGen      total 55808K, used 10976K [0x00000000e0000000, 0x00000000e4d80000, 0x0000000100000000)
  eden space 48128K, 7% used [0x00000000e0000000,0x00000000e0393e50,0x00000000e2f00000)
  from space 7680K, 95% used [0x00000000e2f00000,0x00000000e3624500,0x00000000e3680000)
  to   space 8704K, 0% used [0x00000000e4500000,0x00000000e4500000,0x00000000e4d80000)
 ParOldGen       total 38400K, used 11880K [0x00000000a0000000, 0x00000000a2580000, 0x00000000e0000000)
  object space 38400K, 30% used [0x00000000a0000000,0x00000000a0b9a098,0x00000000a2580000)
 Metaspace       used 31298K, capacity 31756K, committed 32128K, reserved 1077248K
  class space    used 4297K, capacity 4467K, committed 4480K, reserved 1048576K
GC Heap History (10 events):
Event: 24.445 GC heap before
{Heap before GC invocations=8 (full 0):
 PSYoungGen      total 34816K, used 31583K [0x00000000e0000000, 0x00000000e4000000, 0x0000000100000000)
  eden space 28672K, 90% used [0x00000000e0000000,0x00000000e1953aa0,0x00000000e1c00000)
  from space 6144K, 91% used [0x00000000e3900000,0x00000000e3e842f0,0x00000000e3f00000)
  to   space 1024K, 0% used [0x00000000e3f00000,0x00000000e3f00000,0x00000000e4000000)
 ParOldGen       total 38400K, used 7280K [0x00000000a0000000, 0x00000000a2580000, 0x00000000e0000000)
  object space 38400K, 18% used [0x00000000a0000000,0x00000000a071c1a8,0x00000000a2580000)
 Metaspace       used 20764K, capacity 21108K, committed 21248K, reserved 1067008K
  class space    used 2924K, capacity 3062K, committed 3072K, reserved 1048576K
Event: 24.473 GC heap after
Heap after GC invocations=8 (full 0):
 PSYoungGen      total 29184K, used 1024K [0x00000000e0000000, 0x00000000e4000000, 0x0000000100000000)
  eden space 28160K, 0% used [0x00000000e0000000,0x00000000e0000000,0x00000000e1b80000)
  from space 1024K, 100% used [0x00000000e3f00000,0x00000000e4000000,0x00000000e4000000)
  to   space 7680K, 0% used [0x00000000e3100000,0x00000000e3100000,0x00000000e3880000)
 ParOldGen       total 38400K, used 13095K [0x00000000a0000000, 0x00000000a2580000, 0x00000000e0000000)
  object space 38400K, 34% used [0x00000000a0000000,0x00000000a0cc9ea8,0x00000000a2580000)
 Metaspace       used 20764K, capacity 21108K, committed 21248K, reserved 1067008K
  class space    used 2924K, capacity 3062K, committed 3072K, reserved 1048576K
}
Event: 24.473 GC heap before
{Heap before GC invocations=9 (full 1):
 PSYoungGen      total 29184K, used 1024K [0x00000000e0000000, 0x00000000e4000000, 0x0000000100000000)
  eden space 28160K, 0% used [0x00000000e0000000,0x00000000e0000000,0x00000000e1b80000)
  from space 1024K, 100% used [0x00000000e3f00000,0x00000000e4000000,0x00000000e4000000)
  to   space 7680K, 0% used [0x00000000e3100000,0x00000000e3100000,0x00000000e3880000)
 ParOldGen       total 38400K, used 13095K [0x00000000a0000000, 0x00000000a2580000, 0x00000000e0000000)
  object space 38400K, 34% used [0x00000000a0000000,0x00000000a0cc9ea8,0x00000000a2580000)
 Metaspace       used 20764K, capacity 21108K, committed 21248K, reserved 1067008K
  class space    used 2924K, capacity 3062K, committed 3072K, reserved 1048576K
Event: 24.641 GC heap after
Heap after GC invocations=9 (full 1):
 PSYoungGen      total 29184K, used 0K [0x00000000e0000000, 0x00000000e4000000, 0x0000000100000000)
  eden space 28160K, 0% used [0x00000000e0000000,0x00000000e0000000,0x00000000e1b80000)
  from space 1024K, 0% used [0x00000000e3f00000,0x00000000e3f00000,0x00000000e4000000)
  to   space 7680K, 0% used [0x00000000e3100000,0x00000000e3100000,0x00000000e3880000)
 ParOldGen       total 38400K, used 11864K [0x00000000a0000000, 0x00000000a2580000, 0x00000000e0000000)
  object space 38400K, 30% used [0x00000000a0000000,0x00000000a0b96098,0x00000000a2580000)
 Metaspace       used 20764K, capacity 21108K, committed 21248K, reserved 1067008K
  class space    used 2924K, capacity 3062K, committed 3072K, reserved 1048576K
}
Event: 29.989 GC heap before
{Heap before GC invocations=10 (full 1):
 PSYoungGen      total 29184K, used 28160K [0x00000000e0000000, 0x00000000e4000000, 0x0000000100000000)
  eden space 28160K, 100% used [0x00000000e0000000,0x00000000e1b80000,0x00000000e1b80000)
  from space 1024K, 0% used [0x00000000e3f00000,0x00000000e3f00000,0x00000000e4000000)
  to   space 7680K, 0% used [0x00000000e3100000,0x00000000e3100000,0x00000000e3880000)
 ParOldGen       total 38400K, used 11864K [0x00000000a0000000, 0x00000000a2580000, 0x00000000e0000000)
  object space 38400K, 30% used [0x00000000a0000000,0x00000000a0b96098,0x00000000a2580000)
 Metaspace       used 25427K, capacity 25850K, committed 26240K, reserved 1071104K
  class space    used 3420K, capacity 3614K, committed 3712K, reserved 1048576K
Event: 30.005 GC heap after
Heap after GC invocations=10 (full 1):
 PSYoungGen      total 40960K, used 3993K [0x00000000e0000000, 0x00000000e3f80000, 0x0000000100000000)
  eden space 36864K, 0% used [0x00000000e0000000,0x00000000e0000000,0x00000000e2400000)
  from space 4096K, 97% used [0x00000000e3100000,0x00000000e34e67e0,0x00000000e3500000)
  to   space 7680K, 0% used [0x00000000e3800000,0x00000000e3800000,0x00000000e3f80000)
 ParOldGen       total 38400K, used 11872K [0x00000000a0000000, 0x00000000a2580000, 0x00000000e0000000)
  object space 38400K, 30% used [0x00000000a0000000,0x00000000a0b98098,0x00000000a2580000)
 Metaspace       used 25427K, capacity 25850K, committed 26240K, reserved 1071104K
  class space    used 3420K, capacity 3614K, committed 3712K, reserved 1048576K
}
Event: 36.501 GC heap before
{Heap before GC invocations=11 (full 1):
 PSYoungGen      total 40960K, used 40857K [0x00000000e0000000, 0x00000000e3f80000, 0x0000000100000000)
  eden space 36864K, 100% used [0x00000000e0000000,0x00000000e2400000,0x00000000e2400000)
  from space 4096K, 97% used [0x00000000e3100000,0x00000000e34e67e0,0x00000000e3500000)
  to   space 7680K, 0% used [0x00000000e3800000,0x00000000e3800000,0x00000000e3f80000)
 ParOldGen       total 38400K, used 11872K [0x00000000a0000000, 0x00000000a2580000, 0x00000000e0000000)
  object space 38400K, 30% used [0x00000000a0000000,0x00000000a0b98098,0x00000000a2580000)
 Metaspace       used 28685K, capacity 29108K, committed 29440K, reserved 1075200K
  class space    used 3858K, capacity 4011K, committed 4096K, reserved 1048576K
Event: 36.524 GC heap after
Heap after GC invocations=11 (full 1):
 PSYoungGen      total 54272K, used 6036K [0x00000000e0000000, 0x00000000e3e00000, 0x0000000100000000)
  eden space 48128K, 0% used [0x00000000e0000000,0x00000000e0000000,0x00000000e2f00000)
  from space 6144K, 98% used [0x00000000e3800000,0x00000000e3de50c0,0x00000000e3e00000)
  to   space 7680K, 0% used [0x00000000e2f00000,0x00000000e2f00000,0x00000000e3680000)
 ParOldGen       total 38400K, used 11880K [0x00000000a0000000, 0x00000000a2580000, 0x00000000e0000000)
  object space 38400K, 30% used [0x00000000a0000000,0x00000000a0b9a098,0x00000000a2580000)
 Metaspace       used 28685K, capacity 29108K, committed 29440K, reserved 1075200K
  class space    used 3858K, capacity 4011K, committed 4096K, reserved 1048576K
}
Event: 42.919 GC heap before
{Heap before GC invocations=12 (full 1):
 PSYoungGen      total 54272K, used 54164K [0x00000000e0000000, 0x00000000e3e00000, 0x0000000100000000)
  eden space 48128K, 100% used [0x00000000e0000000,0x00000000e2f00000,0x00000000e2f00000)
  from space 6144K, 98% used [0x00000000e3800000,0x00000000e3de50c0,0x00000000e3e00000)
  to   space 7680K, 0% used [0x00000000e2f00000,0x00000000e2f00000,0x00000000e3680000)
 ParOldGen       total 38400K, used 11880K [0x00000000a0000000, 0x00000000a2580000, 0x00000000e0000000)
  object space 38400K, 30% used [0x00000000a0000000,0x00000000a0b9a098,0x00000000a2580000)
 Metaspace       used 31185K, capacity 31596K, committed 31872K, reserved 1077248K
  class space    used 4279K, capacity 4435K, committed 4480K, reserved 1048576K
Event: 42.946 GC heap after
Heap after GC invocations=12 (full 1):
 PSYoungGen      total 55808K, used 7313K [0x00000000e0000000, 0x00000000e4d80000, 0x0000000100000000)
  eden space 48128K, 0% used [0x00000000e0000000,0x00000000e0000000,0x00000000e2f00000)
  from space 7680K, 95% used [0x00000000e2f00000,0x00000000e3624500,0x00000000e3680000)
  to   space 8704K, 0% used [0x00000000e4500000,0x00000000e4500000,0x00000000e4d80000)
 ParOldGen       total 38400K, used 11880K [0x00000000a0000000, 0x00000000a2580000, 0x00000000e0000000)
  object space 38400K, 30% used [0x00000000a0000000,0x00000000a0b9a098,0x00000000a2580000)
 Metaspace       used 31185K, capacity 31596K, committed 31872K, reserved 1077248K
  class space    used 4279K, capacity 4435K, committed 4480K, reserved 1048576K
}

