# JRE version: OpenJDK Runtime Environment (8.0_202-b03) (build 1.8.0_202-release-1483-b03)
# Java VM: OpenJDK 64-Bit Server VM (25.202-b03 mixed mode windows-amd64 compressed oops)
Heap:
 PSYoungGen      total 138240K, used 56484K [0x00000000e0000000, 0x00000000ea800000, 0x0000000100000000)
  eden space 126464K, 44% used [0x00000000e0000000,0x00000000e3729060,0x00000000e7b80000)
  from space 11776K, 0% used [0x00000000e8680000,0x00000000e8680000,0x00000000e9200000)
  to   space 11264K, 0% used [0x00000000e7b80000,0x00000000e7b80000,0x00000000e8680000)
 ParOldGen       total 50688K, used 15956K [0x00000000a0000000, 0x00000000a3180000, 0x00000000e0000000)
  object space 50688K, 31% used [0x00000000a0000000,0x00000000a0f95390,0x00000000a3180000)
 Metaspace       used 42086K, capacity 42868K, committed 43136K, reserved 1087488K
  class space    used 5683K, capacity 5904K, committed 6016K, reserved 1048576K
GC Heap History (10 events):
Event: 39.661 GC heap before
{Heap before GC invocations=8 (full 1):
 PSYoungGen      total 64512K, used 6141K [0x00000000e0000000, 0x00000000e8300000, 0x0000000100000000)
  eden space 58368K, 0% used [0x00000000e0000000,0x00000000e0000000,0x00000000e3900000)
  from space 6144K, 99% used [0x00000000e3900000,0x00000000e3eff770,0x00000000e3f00000)
  to   space 8704K, 0% used [0x00000000e7a80000,0x00000000e7a80000,0x00000000e8300000)
 ParOldGen       total 38400K, used 10337K [0x00000000a0000000, 0x00000000a2580000, 0x00000000e0000000)
  object space 38400K, 26% used [0x00000000a0000000,0x00000000a0a18740,0x00000000a2580000)
 Metaspace       used 20631K, capacity 21016K, committed 21296K, reserved 1067008K
  class space    used 2911K, capacity 3094K, committed 3200K, reserved 1048576K
Event: 40.053 GC heap after
Heap after GC invocations=8 (full 1):
 PSYoungGen      total 64512K, used 0K [0x00000000e0000000, 0x00000000e8300000, 0x0000000100000000)
  eden space 58368K, 0% used [0x00000000e0000000,0x00000000e0000000,0x00000000e3900000)
  from space 6144K, 0% used [0x00000000e3900000,0x00000000e3900000,0x00000000e3f00000)
  to   space 8704K, 0% used [0x00000000e7a80000,0x00000000e7a80000,0x00000000e8300000)
 ParOldGen       total 38400K, used 13987K [0x00000000a0000000, 0x00000000a2580000, 0x00000000e0000000)
  object space 38400K, 36% used [0x00000000a0000000,0x00000000a0da8e08,0x00000000a2580000)
 Metaspace       used 20631K, capacity 21016K, committed 21296K, reserved 1067008K
  class space    used 2911K, capacity 3094K, committed 3200K, reserved 1048576K
}
Event: 49.292 GC heap before
{Heap before GC invocations=9 (full 1):
 PSYoungGen      total 64512K, used 58368K [0x00000000e0000000, 0x00000000e8300000, 0x0000000100000000)
  eden space 58368K, 100% used [0x00000000e0000000,0x00000000e3900000,0x00000000e3900000)
  from space 6144K, 0% used [0x00000000e3900000,0x00000000e3900000,0x00000000e3f00000)
  to   space 8704K, 0% used [0x00000000e7a80000,0x00000000e7a80000,0x00000000e8300000)
 ParOldGen       total 38400K, used 13987K [0x00000000a0000000, 0x00000000a2580000, 0x00000000e0000000)
  object space 38400K, 36% used [0x00000000a0000000,0x00000000a0da8e08,0x00000000a2580000)
 Metaspace       used 28183K, capacity 28646K, committed 29056K, reserved 1075200K
  class space    used 3769K, capacity 3942K, committed 3968K, reserved 1048576K
Event: 49.310 GC heap after
Heap after GC invocations=9 (full 1):
 PSYoungGen      total 101888K, used 7267K [0x00000000e0000000, 0x00000000e8200000, 0x0000000100000000)
  eden space 94208K, 0% used [0x00000000e0000000,0x00000000e0000000,0x00000000e5c00000)
  from space 7680K, 94% used [0x00000000e7a80000,0x00000000e8198cf0,0x00000000e8200000)
  to   space 9728K, 0% used [0x00000000e6f00000,0x00000000e6f00000,0x00000000e7880000)
 ParOldGen       total 38400K, used 13995K [0x00000000a0000000, 0x00000000a2580000, 0x00000000e0000000)
  object space 38400K, 36% used [0x00000000a0000000,0x00000000a0daae08,0x00000000a2580000)
 Metaspace       used 28183K, capacity 28646K, committed 29056K, reserved 1075200K
  class space    used 3769K, capacity 3942K, committed 3968K, reserved 1048576K
}
Event: 58.047 GC heap before
{Heap before GC invocations=10 (full 1):
 PSYoungGen      total 101888K, used 101475K [0x00000000e0000000, 0x00000000e8200000, 0x0000000100000000)
  eden space 94208K, 100% used [0x00000000e0000000,0x00000000e5c00000,0x00000000e5c00000)
  from space 7680K, 94% used [0x00000000e7a80000,0x00000000e8198cf0,0x00000000e8200000)
  to   space 9728K, 0% used [0x00000000e6f00000,0x00000000e6f00000,0x00000000e7880000)
 ParOldGen       total 38400K, used 13995K [0x00000000a0000000, 0x00000000a2580000, 0x00000000e0000000)
  object space 38400K, 36% used [0x00000000a0000000,0x00000000a0daae08,0x00000000a2580000)
 Metaspace       used 33281K, capacity 33796K, committed 34176K, reserved 1079296K
  class space    used 4568K, capacity 4735K, committed 4736K, reserved 1048576K
Event: 58.069 GC heap after
Heap after GC invocations=10 (full 1):
 PSYoungGen      total 123392K, used 9717K [0x00000000e0000000, 0x00000000e9200000, 0x0000000100000000)
  eden space 113664K, 0% used [0x00000000e0000000,0x00000000e0000000,0x00000000e6f00000)
  from space 9728K, 99% used [0x00000000e6f00000,0x00000000e787d788,0x00000000e7880000)
  to   space 11776K, 0% used [0x00000000e8680000,0x00000000e8680000,0x00000000e9200000)
 ParOldGen       total 38400K, used 15328K [0x00000000a0000000, 0x00000000a2580000, 0x00000000e0000000)
  object space 38400K, 39% used [0x00000000a0000000,0x00000000a0ef80e8,0x00000000a2580000)
 Metaspace       used 33281K, capacity 33796K, committed 34176K, reserved 1079296K
  class space    used 4568K, capacity 4735K, committed 4736K, reserved 1048576K
}
Event: 61.000 GC heap before
{Heap before GC invocations=11 (full 1):
 PSYoungGen      total 123392K, used 40841K [0x00000000e0000000, 0x00000000e9200000, 0x0000000100000000)
  eden space 113664K, 27% used [0x00000000e0000000,0x00000000e1e64cd8,0x00000000e6f00000)
  from space 9728K, 99% used [0x00000000e6f00000,0x00000000e787d788,0x00000000e7880000)
  to   space 11776K, 0% used [0x00000000e8680000,0x00000000e8680000,0x00000000e9200000)
 ParOldGen       total 38400K, used 15328K [0x00000000a0000000, 0x00000000a2580000, 0x00000000e0000000)
  object space 38400K, 39% used [0x00000000a0000000,0x00000000a0ef80e8,0x00000000a2580000)
 Metaspace       used 34610K, capacity 35240K, committed 35456K, reserved 1079296K
  class space    used 4750K, capacity 4933K, committed 4992K, reserved 1048576K
Event: 61.018 GC heap after
Heap after GC invocations=11 (full 1):
 PSYoungGen      total 138240K, used 6391K [0x00000000e0000000, 0x00000000ea800000, 0x0000000100000000)
  eden space 126464K, 0% used [0x00000000e0000000,0x00000000e0000000,0x00000000e7b80000)
  from space 11776K, 54% used [0x00000000e8680000,0x00000000e8cbdfd0,0x00000000e9200000)
  to   space 11264K, 0% used [0x00000000e7b80000,0x00000000e7b80000,0x00000000e8680000)
 ParOldGen       total 38400K, used 18408K [0x00000000a0000000, 0x00000000a2580000, 0x00000000e0000000)
  object space 38400K, 47% used [0x00000000a0000000,0x00000000a11fa0f8,0x00000000a2580000)
 Metaspace       used 34610K, capacity 35240K, committed 35456K, reserved 1079296K
  class space    used 4750K, capacity 4933K, committed 4992K, reserved 1048576K
}
Event: 61.018 GC heap before
{Heap before GC invocations=12 (full 2):
 PSYoungGen      total 138240K, used 6391K [0x00000000e0000000, 0x00000000ea800000, 0x0000000100000000)
  eden space 126464K, 0% used [0x00000000e0000000,0x00000000e0000000,0x00000000e7b80000)
  from space 11776K, 54% used [0x00000000e8680000,0x00000000e8cbdfd0,0x00000000e9200000)
  to   space 11264K, 0% used [0x00000000e7b80000,0x00000000e7b80000,0x00000000e8680000)
 ParOldGen       total 38400K, used 18408K [0x00000000a0000000, 0x00000000a2580000, 0x00000000e0000000)
  object space 38400K, 47% used [0x00000000a0000000,0x00000000a11fa0f8,0x00000000a2580000)
 Metaspace       used 34610K, capacity 35240K, committed 35456K, reserved 1079296K
  class space    used 4750K, capacity 4933K, committed 4992K, reserved 1048576K
Event: 61.258 GC heap after
Heap after GC invocations=12 (full 2):
 PSYoungGen      total 138240K, used 0K [0x00000000e0000000, 0x00000000ea800000, 0x0000000100000000)
  eden space 126464K, 0% used [0x00000000e0000000,0x00000000e0000000,0x00000000e7b80000)
  from space 11776K, 0% used [0x00000000e8680000,0x00000000e8680000,0x00000000e9200000)
  to   space 11264K, 0% used [0x00000000e7b80000,0x00000000e7b80000,0x00000000e8680000)
 ParOldGen       total 50688K, used 15956K [0x00000000a0000000, 0x00000000a3180000, 0x00000000e0000000)
  object space 50688K, 31% used [0x00000000a0000000,0x00000000a0f95390,0x00000000a3180000)
 Metaspace       used 34610K, capacity 35240K, committed 35456K, reserved 1079296K
  class space    used 4750K, capacity 4933K, committed 4992K, reserved 1048576K
}

