# JRE version: OpenJDK Runtime Environment (8.0_202-b03) (build 1.8.0_202-release-1483-b03)
# Java VM: OpenJDK 64-Bit Server VM (25.202-b03 mixed mode windows-amd64 compressed oops)
Heap:
 PSYoungGen      total 31744K, used 17461K [0x00000000e0000000, 0x00000000e3e00000, 0x0000000100000000)
  eden space 29696K, 51% used [0x00000000e0000000,0x00000000e0f0e098,0x00000000e1d00000)
  from space 2048K, 99% used [0x00000000e3c00000,0x00000000e3dff420,0x00000000e3e00000)
  to   space 2048K, 0% used [0x00000000e1d00000,0x00000000e1d00000,0x00000000e1f00000)
 ParOldGen       total 38400K, used 6554K [0x00000000a0000000, 0x00000000a2580000, 0x00000000e0000000)
  object space 38400K, 17% used [0x00000000a0000000,0x00000000a0666ae0,0x00000000a2580000)
 Metaspace       used 14035K, capacity 14424K, committed 14720K, reserved 1062912K
  class space    used 1940K, capacity 2052K, committed 2176K, reserved 1048576K
GC Heap History (8 events):
Event: 11.858 GC heap before
{Heap before GC invocations=1 (full 0):
 PSYoungGen      total 16896K, used 14848K [0x00000000e0000000, 0x00000000e1280000, 0x0000000100000000)
  eden space 14848K, 100% used [0x00000000e0000000,0x00000000e0e80000,0x00000000e0e80000)
  from space 2048K, 0% used [0x00000000e1080000,0x00000000e1080000,0x00000000e1280000)
  to   space 2048K, 0% used [0x00000000e0e80000,0x00000000e0e80000,0x00000000e1080000)
 ParOldGen       total 38400K, used 0K [0x00000000a0000000, 0x00000000a2580000, 0x00000000e0000000)
  object space 38400K, 0% used [0x00000000a0000000,0x00000000a0000000,0x00000000a2580000)
 Metaspace       used 6084K, capacity 6276K, committed 6528K, reserved 1056768K
  class space    used 738K, capacity 780K, committed 896K, reserved 1048576K
Event: 12.135 GC heap after
Heap after GC invocations=1 (full 0):
 PSYoungGen      total 16896K, used 2041K [0x00000000e0000000, 0x00000000e2100000, 0x0000000100000000)
  eden space 14848K, 0% used [0x00000000e0000000,0x00000000e0000000,0x00000000e0e80000)
  from space 2048K, 99% used [0x00000000e0e80000,0x00000000e107e778,0x00000000e1080000)
  to   space 2048K, 0% used [0x00000000e1f00000,0x00000000e1f00000,0x00000000e2100000)
 ParOldGen       total 38400K, used 509K [0x00000000a0000000, 0x00000000a2580000, 0x00000000e0000000)
  object space 38400K, 1% used [0x00000000a0000000,0x00000000a007f4b0,0x00000000a2580000)
 Metaspace       used 6084K, capacity 6276K, committed 6528K, reserved 1056768K
  class space    used 738K, capacity 780K, committed 896K, reserved 1048576K
}
Event: 13.585 GC heap before
{Heap before GC invocations=2 (full 0):
 PSYoungGen      total 16896K, used 16889K [0x00000000e0000000, 0x00000000e2100000, 0x0000000100000000)
  eden space 14848K, 100% used [0x00000000e0000000,0x00000000e0e80000,0x00000000e0e80000)
  from space 2048K, 99% used [0x00000000e0e80000,0x00000000e107e778,0x00000000e1080000)
  to   space 2048K, 0% used [0x00000000e1f00000,0x00000000e1f00000,0x00000000e2100000)
 ParOldGen       total 38400K, used 509K [0x00000000a0000000, 0x00000000a2580000, 0x00000000e0000000)
  object space 38400K, 1% used [0x00000000a0000000,0x00000000a007f4b0,0x00000000a2580000)
 Metaspace       used 6948K, capacity 7172K, committed 7424K, reserved 1056768K
  class space    used 850K, capacity 908K, committed 1024K, reserved 1048576K
Event: 13.603 GC heap after
Heap after GC invocations=2 (full 0):
 PSYoungGen      total 31744K, used 2038K [0x00000000e0000000, 0x00000000e2100000, 0x0000000100000000)
  eden space 29696K, 0% used [0x00000000e0000000,0x00000000e0000000,0x00000000e1d00000)
  from space 2048K, 99% used [0x00000000e1f00000,0x00000000e20fd960,0x00000000e2100000)
  to   space 2048K, 0% used [0x00000000e1d00000,0x00000000e1d00000,0x00000000e1f00000)
 ParOldGen       total 38400K, used 1389K [0x00000000a0000000, 0x00000000a2580000, 0x00000000e0000000)
  object space 38400K, 3% used [0x00000000a0000000,0x00000000a015b4f8,0x00000000a2580000)
 Metaspace       used 6948K, capacity 7172K, committed 7424K, reserved 1056768K
  class space    used 850K, capacity 908K, committed 1024K, reserved 1048576K
}
Event: 16.402 GC heap before
{Heap before GC invocations=3 (full 0):
 PSYoungGen      total 31744K, used 31734K [0x00000000e0000000, 0x00000000e2100000, 0x0000000100000000)
  eden space 29696K, 100% used [0x00000000e0000000,0x00000000e1d00000,0x00000000e1d00000)
  from space 2048K, 99% used [0x00000000e1f00000,0x00000000e20fd960,0x00000000e2100000)
  to   space 2048K, 0% used [0x00000000e1d00000,0x00000000e1d00000,0x00000000e1f00000)
 ParOldGen       total 38400K, used 1389K [0x00000000a0000000, 0x00000000a2580000, 0x00000000e0000000)
  object space 38400K, 3% used [0x00000000a0000000,0x00000000a015b4f8,0x00000000a2580000)
 Metaspace       used 7659K, capacity 7902K, committed 8064K, reserved 1056768K
  class space    used 984K, capacity 1045K, committed 1152K, reserved 1048576K
Event: 16.409 GC heap after
Heap after GC invocations=3 (full 0):
 PSYoungGen      total 31744K, used 2016K [0x00000000e0000000, 0x00000000e3e00000, 0x0000000100000000)
  eden space 29696K, 0% used [0x00000000e0000000,0x00000000e0000000,0x00000000e1d00000)
  from space 2048K, 98% used [0x00000000e1d00000,0x00000000e1ef8020,0x00000000e1f00000)
  to   space 2048K, 0% used [0x00000000e3c00000,0x00000000e3c00000,0x00000000e3e00000)
 ParOldGen       total 38400K, used 3046K [0x00000000a0000000, 0x00000000a2580000, 0x00000000e0000000)
  object space 38400K, 7% used [0x00000000a0000000,0x00000000a02f9bf0,0x00000000a2580000)
 Metaspace       used 7659K, capacity 7902K, committed 8064K, reserved 1056768K
  class space    used 984K, capacity 1045K, committed 1152K, reserved 1048576K
}
Event: 29.599 GC heap before
{Heap before GC invocations=4 (full 0):
 PSYoungGen      total 31744K, used 31712K [0x00000000e0000000, 0x00000000e3e00000, 0x0000000100000000)
  eden space 29696K, 100% used [0x00000000e0000000,0x00000000e1d00000,0x00000000e1d00000)
  from space 2048K, 98% used [0x00000000e1d00000,0x00000000e1ef8020,0x00000000e1f00000)
  to   space 2048K, 0% used [0x00000000e3c00000,0x00000000e3c00000,0x00000000e3e00000)
 ParOldGen       total 38400K, used 3046K [0x00000000a0000000, 0x00000000a2580000, 0x00000000e0000000)
  object space 38400K, 7% used [0x00000000a0000000,0x00000000a02f9bf0,0x00000000a2580000)
 Metaspace       used 12481K, capacity 12850K, committed 13184K, reserved 1060864K
  class space    used 1701K, capacity 1825K, committed 1920K, reserved 1048576K
Event: 29.623 GC heap after
Heap after GC invocations=4 (full 0):
 PSYoungGen      total 31744K, used 2045K [0x00000000e0000000, 0x00000000e3e00000, 0x0000000100000000)
  eden space 29696K, 0% used [0x00000000e0000000,0x00000000e0000000,0x00000000e1d00000)
  from space 2048K, 99% used [0x00000000e3c00000,0x00000000e3dff420,0x00000000e3e00000)
  to   space 2048K, 0% used [0x00000000e1d00000,0x00000000e1d00000,0x00000000e1f00000)
 ParOldGen       total 38400K, used 6554K [0x00000000a0000000, 0x00000000a2580000, 0x00000000e0000000)
  object space 38400K, 17% used [0x00000000a0000000,0x00000000a0666ae0,0x00000000a2580000)
 Metaspace       used 12481K, capacity 12850K, committed 13184K, reserved 1060864K
  class space    used 1701K, capacity 1825K, committed 1920K, reserved 1048576K
}

