# JRE version: OpenJDK Runtime Environment (8.0_202-b03) (build 1.8.0_202-release-1483-b03)
# Java VM: OpenJDK 64-Bit Server VM (25.202-b03 mixed mode windows-amd64 compressed oops)
Heap:
 PSYoungGen      total 82944K, used 78704K [0x00000000e0000000, 0x00000000e5b00000, 0x0000000100000000)
  eden space 75264K, 94% used [0x00000000e0000000,0x00000000e455d098,0x00000000e4980000)
  from space 7680K, 99% used [0x00000000e4980000,0x00000000e50fef70,0x00000000e5100000)
  to   space 7680K, 0% used [0x00000000e5100000,0x00000000e5100000,0x00000000e5880000)
 ParOldGen       total 55296K, used 18542K [0x00000000a0000000, 0x00000000a3600000, 0x00000000e0000000)
  object space 55296K, 33% used [0x00000000a0000000,0x00000000a121b9f0,0x00000000a3600000)
 Metaspace       used 46107K, capacity 47458K, committed 47616K, reserved 1089536K
  class space    used 6231K, capacity 6549K, committed 6656K, reserved 1048576K
GC Heap History (10 events):
Event: 27.790 GC heap before
{Heap before GC invocations=13 (full 1):
 PSYoungGen      total 52736K, used 52713K [0x00000000e0000000, 0x00000000e4800000, 0x0000000100000000)
  eden space 47104K, 100% used [0x00000000e0000000,0x00000000e2e00000,0x00000000e2e00000)
  from space 5632K, 99% used [0x00000000e2e00000,0x00000000e337a508,0x00000000e3380000)
  to   space 6656K, 0% used [0x00000000e4180000,0x00000000e4180000,0x00000000e4800000)
 ParOldGen       total 34304K, used 9806K [0x00000000a0000000, 0x00000000a2180000, 0x00000000e0000000)
  object space 34304K, 28% used [0x00000000a0000000,0x00000000a0993a18,0x00000000a2180000)
 Metaspace       used 30200K, capacity 30780K, committed 31104K, reserved 1075200K
  class space    used 4199K, capacity 4403K, committed 4480K, reserved 1048576K
Event: 27.808 GC heap after
Heap after GC invocations=13 (full 1):
 PSYoungGen      total 66048K, used 4549K [0x00000000e0000000, 0x00000000e4780000, 0x0000000100000000)
  eden space 59904K, 0% used [0x00000000e0000000,0x00000000e0000000,0x00000000e3a80000)
  from space 6144K, 74% used [0x00000000e4180000,0x00000000e45f1628,0x00000000e4780000)
  to   space 6656K, 0% used [0x00000000e3a80000,0x00000000e3a80000,0x00000000e4100000)
 ParOldGen       total 34304K, used 12366K [0x00000000a0000000, 0x00000000a2180000, 0x00000000e0000000)
  object space 34304K, 36% used [0x00000000a0000000,0x00000000a0c138b8,0x00000000a2180000)
 Metaspace       used 30200K, capacity 30780K, committed 31104K, reserved 1075200K
  class space    used 4199K, capacity 4403K, committed 4480K, reserved 1048576K
}
Event: 32.661 GC heap before
{Heap before GC invocations=14 (full 1):
 PSYoungGen      total 66048K, used 64453K [0x00000000e0000000, 0x00000000e4780000, 0x0000000100000000)
  eden space 59904K, 100% used [0x00000000e0000000,0x00000000e3a80000,0x00000000e3a80000)
  from space 6144K, 74% used [0x00000000e4180000,0x00000000e45f1628,0x00000000e4780000)
  to   space 6656K, 0% used [0x00000000e3a80000,0x00000000e3a80000,0x00000000e4100000)
 ParOldGen       total 34304K, used 12366K [0x00000000a0000000, 0x00000000a2180000, 0x00000000e0000000)
  object space 34304K, 36% used [0x00000000a0000000,0x00000000a0c138b8,0x00000000a2180000)
 Metaspace       used 33501K, capacity 34422K, committed 34560K, reserved 1079296K
  class space    used 4647K, capacity 4849K, committed 4864K, reserved 1048576K
Event: 32.702 GC heap after
Heap after GC invocations=14 (full 1):
 PSYoungGen      total 66560K, used 6633K [0x00000000e0000000, 0x00000000e5880000, 0x0000000100000000)
  eden space 59904K, 0% used [0x00000000e0000000,0x00000000e0000000,0x00000000e3a80000)
  from space 6656K, 99% used [0x00000000e3a80000,0x00000000e40fa530,0x00000000e4100000)
  to   space 7680K, 0% used [0x00000000e5100000,0x00000000e5100000,0x00000000e5880000)
 ParOldGen       total 34304K, used 13121K [0x00000000a0000000, 0x00000000a2180000, 0x00000000e0000000)
  object space 34304K, 38% used [0x00000000a0000000,0x00000000a0cd0610,0x00000000a2180000)
 Metaspace       used 33501K, capacity 34422K, committed 34560K, reserved 1079296K
  class space    used 4647K, capacity 4849K, committed 4864K, reserved 1048576K
}
Event: 34.257 GC heap before
{Heap before GC invocations=15 (full 1):
 PSYoungGen      total 66560K, used 24885K [0x00000000e0000000, 0x00000000e5880000, 0x0000000100000000)
  eden space 59904K, 30% used [0x00000000e0000000,0x00000000e11d2f58,0x00000000e3a80000)
  from space 6656K, 99% used [0x00000000e3a80000,0x00000000e40fa530,0x00000000e4100000)
  to   space 7680K, 0% used [0x00000000e5100000,0x00000000e5100000,0x00000000e5880000)
 ParOldGen       total 34304K, used 13121K [0x00000000a0000000, 0x00000000a2180000, 0x00000000e0000000)
  object space 34304K, 38% used [0x00000000a0000000,0x00000000a0cd0610,0x00000000a2180000)
 Metaspace       used 34501K, capacity 35430K, committed 35456K, reserved 1079296K
  class space    used 4766K, capacity 4987K, committed 4992K, reserved 1048576K
Event: 34.291 GC heap after
Heap after GC invocations=15 (full 1):
 PSYoungGen      total 82944K, used 1943K [0x00000000e0000000, 0x00000000e5b00000, 0x0000000100000000)
  eden space 75264K, 0% used [0x00000000e0000000,0x00000000e0000000,0x00000000e4980000)
  from space 7680K, 25% used [0x00000000e5100000,0x00000000e52e5c28,0x00000000e5880000)
  to   space 7680K, 0% used [0x00000000e4980000,0x00000000e4980000,0x00000000e5100000)
 ParOldGen       total 34304K, used 18108K [0x00000000a0000000, 0x00000000a2180000, 0x00000000e0000000)
  object space 34304K, 52% used [0x00000000a0000000,0x00000000a11af3d0,0x00000000a2180000)
 Metaspace       used 34501K, capacity 35430K, committed 35456K, reserved 1079296K
  class space    used 4766K, capacity 4987K, committed 4992K, reserved 1048576K
}
Event: 34.291 GC heap before
{Heap before GC invocations=16 (full 2):
 PSYoungGen      total 82944K, used 1943K [0x00000000e0000000, 0x00000000e5b00000, 0x0000000100000000)
  eden space 75264K, 0% used [0x00000000e0000000,0x00000000e0000000,0x00000000e4980000)
  from space 7680K, 25% used [0x00000000e5100000,0x00000000e52e5c28,0x00000000e5880000)
  to   space 7680K, 0% used [0x00000000e4980000,0x00000000e4980000,0x00000000e5100000)
 ParOldGen       total 34304K, used 18108K [0x00000000a0000000, 0x00000000a2180000, 0x00000000e0000000)
  object space 34304K, 52% used [0x00000000a0000000,0x00000000a11af3d0,0x00000000a2180000)
 Metaspace       used 34501K, capacity 35430K, committed 35456K, reserved 1079296K
  class space    used 4766K, capacity 4987K, committed 4992K, reserved 1048576K
Event: 34.518 GC heap after
Heap after GC invocations=16 (full 2):
 PSYoungGen      total 82944K, used 0K [0x00000000e0000000, 0x00000000e5b00000, 0x0000000100000000)
  eden space 75264K, 0% used [0x00000000e0000000,0x00000000e0000000,0x00000000e4980000)
  from space 7680K, 0% used [0x00000000e5100000,0x00000000e5100000,0x00000000e5880000)
  to   space 7680K, 0% used [0x00000000e4980000,0x00000000e4980000,0x00000000e5100000)
 ParOldGen       total 55296K, used 16480K [0x00000000a0000000, 0x00000000a3600000, 0x00000000e0000000)
  object space 55296K, 29% used [0x00000000a0000000,0x00000000a1018388,0x00000000a3600000)
 Metaspace       used 34501K, capacity 35430K, committed 35456K, reserved 1079296K
  class space    used 4766K, capacity 4987K, committed 4992K, reserved 1048576K
}
Event: 44.091 GC heap before
{Heap before GC invocations=17 (full 2):
 PSYoungGen      total 82944K, used 75055K [0x00000000e0000000, 0x00000000e5b00000, 0x0000000100000000)
  eden space 75264K, 99% used [0x00000000e0000000,0x00000000e494bc60,0x00000000e4980000)
  from space 7680K, 0% used [0x00000000e5100000,0x00000000e5100000,0x00000000e5880000)
  to   space 7680K, 0% used [0x00000000e4980000,0x00000000e4980000,0x00000000e5100000)
 ParOldGen       total 55296K, used 16480K [0x00000000a0000000, 0x00000000a3600000, 0x00000000e0000000)
  object space 55296K, 29% used [0x00000000a0000000,0x00000000a1018388,0x00000000a3600000)
 Metaspace       used 43084K, capacity 44316K, committed 44544K, reserved 1087488K
  class space    used 5842K, capacity 6089K, committed 6144K, reserved 1048576K
Event: 44.117 GC heap after
Heap after GC invocations=17 (full 2):
 PSYoungGen      total 82944K, used 7675K [0x00000000e0000000, 0x00000000e5b00000, 0x0000000100000000)
  eden space 75264K, 0% used [0x00000000e0000000,0x00000000e0000000,0x00000000e4980000)
  from space 7680K, 99% used [0x00000000e4980000,0x00000000e50fef70,0x00000000e5100000)
  to   space 7680K, 0% used [0x00000000e5100000,0x00000000e5100000,0x00000000e5880000)
 ParOldGen       total 55296K, used 18542K [0x00000000a0000000, 0x00000000a3600000, 0x00000000e0000000)
  object space 55296K, 33% used [0x00000000a0000000,0x00000000a121b9f0,0x00000000a3600000)
 Metaspace       used 43084K, capacity 44316K, committed 44544K, reserved 1087488K
  class space    used 5842K, capacity 6089K, committed 6144K, reserved 1048576K
}

