# JRE version: OpenJDK Runtime Environment (8.0_202-b03) (build 1.8.0_202-release-1483-b03)
# Java VM: OpenJDK 64-Bit Server VM (25.202-b03 mixed mode windows-amd64 compressed oops)
Heap:
 PSYoungGen      total 34816K, used 14356K [0x00000000e0000000, 0x00000000e3080000, 0x0000000100000000)
  eden space 27648K, 37% used [0x00000000e0000000,0x00000000e0a28118,0x00000000e1b00000)
  from space 7168K, 55% used [0x00000000e1b00000,0x00000000e1edd048,0x00000000e2200000)
  to   space 7168K, 0% used [0x00000000e2980000,0x00000000e2980000,0x00000000e3080000)
 ParOldGen       total 35328K, used 9227K [0x00000000a0000000, 0x00000000a2280000, 0x00000000e0000000)
  object space 35328K, 26% used [0x00000000a0000000,0x00000000a0902ee0,0x00000000a2280000)
 Metaspace       used 26194K, capacity 26594K, committed 27008K, reserved 1075200K
  class space    used 3545K, capacity 3712K, committed 3712K, reserved 1048576K
GC Heap History (10 events):
Event: 14.496 GC heap before
{Heap before GC invocations=6 (full 0):
 PSYoungGen      total 31232K, used 31213K [0x00000000e0000000, 0x00000000e2780000, 0x0000000100000000)
  eden space 29184K, 100% used [0x00000000e0000000,0x00000000e1c80000,0x00000000e1c80000)
  from space 2048K, 99% used [0x00000000e1d00000,0x00000000e1efb430,0x00000000e1f00000)
  to   space 5632K, 0% used [0x00000000e2200000,0x00000000e2200000,0x00000000e2780000)
 ParOldGen       total 38400K, used 6724K [0x00000000a0000000, 0x00000000a2580000, 0x00000000e0000000)
  object space 38400K, 17% used [0x00000000a0000000,0x00000000a0691160,0x00000000a2580000)
 Metaspace       used 14653K, capacity 14936K, committed 15360K, reserved 1062912K
  class space    used 2070K, capacity 2182K, committed 2304K, reserved 1048576K
Event: 14.518 GC heap after
Heap after GC invocations=6 (full 0):
 PSYoungGen      total 34304K, used 5050K [0x00000000e0000000, 0x00000000e2800000, 0x0000000100000000)
  eden space 28672K, 0% used [0x00000000e0000000,0x00000000e0000000,0x00000000e1c00000)
  from space 5632K, 89% used [0x00000000e2200000,0x00000000e26ee8b8,0x00000000e2780000)
  to   space 6144K, 0% used [0x00000000e1c00000,0x00000000e1c00000,0x00000000e2200000)
 ParOldGen       total 38400K, used 6724K [0x00000000a0000000, 0x00000000a2580000, 0x00000000e0000000)
  object space 38400K, 17% used [0x00000000a0000000,0x00000000a0691160,0x00000000a2580000)
 Metaspace       used 14653K, capacity 14936K, committed 15360K, reserved 1062912K
  class space    used 2070K, capacity 2182K, committed 2304K, reserved 1048576K
}
Event: 18.347 GC heap before
{Heap before GC invocations=7 (full 0):
 PSYoungGen      total 34304K, used 33722K [0x00000000e0000000, 0x00000000e2800000, 0x0000000100000000)
  eden space 28672K, 100% used [0x00000000e0000000,0x00000000e1c00000,0x00000000e1c00000)
  from space 5632K, 89% used [0x00000000e2200000,0x00000000e26ee8b8,0x00000000e2780000)
  to   space 6144K, 0% used [0x00000000e1c00000,0x00000000e1c00000,0x00000000e2200000)
 ParOldGen       total 38400K, used 6724K [0x00000000a0000000, 0x00000000a2580000, 0x00000000e0000000)
  object space 38400K, 17% used [0x00000000a0000000,0x00000000a0691160,0x00000000a2580000)
 Metaspace       used 17409K, capacity 17766K, committed 18048K, reserved 1064960K
  class space    used 2513K, capacity 2639K, committed 2688K, reserved 1048576K
Event: 18.364 GC heap after
Heap after GC invocations=7 (full 0):
 PSYoungGen      total 34304K, used 5527K [0x00000000e0000000, 0x00000000e2880000, 0x0000000100000000)
  eden space 28160K, 0% used [0x00000000e0000000,0x00000000e0000000,0x00000000e1b80000)
  from space 6144K, 89% used [0x00000000e1c00000,0x00000000e2165d50,0x00000000e2200000)
  to   space 6656K, 0% used [0x00000000e2200000,0x00000000e2200000,0x00000000e2880000)
 ParOldGen       total 38400K, used 7457K [0x00000000a0000000, 0x00000000a2580000, 0x00000000e0000000)
  object space 38400K, 19% used [0x00000000a0000000,0x00000000a0748578,0x00000000a2580000)
 Metaspace       used 17409K, capacity 17766K, committed 18048K, reserved 1064960K
  class space    used 2513K, capacity 2639K, committed 2688K, reserved 1048576K
}
Event: 24.046 GC heap before
{Heap before GC invocations=8 (full 0):
 PSYoungGen      total 34304K, used 32468K [0x00000000e0000000, 0x00000000e2880000, 0x0000000100000000)
  eden space 28160K, 95% used [0x00000000e0000000,0x00000000e1a4f390,0x00000000e1b80000)
  from space 6144K, 89% used [0x00000000e1c00000,0x00000000e2165d50,0x00000000e2200000)
  to   space 6656K, 0% used [0x00000000e2200000,0x00000000e2200000,0x00000000e2880000)
 ParOldGen       total 38400K, used 7457K [0x00000000a0000000, 0x00000000a2580000, 0x00000000e0000000)
  object space 38400K, 19% used [0x00000000a0000000,0x00000000a0748578,0x00000000a2580000)
 Metaspace       used 20749K, capacity 21104K, committed 21248K, reserved 1067008K
  class space    used 2923K, capacity 3062K, committed 3072K, reserved 1048576K
Event: 24.103 GC heap after
Heap after GC invocations=8 (full 0):
 PSYoungGen      total 34304K, used 6274K [0x00000000e0000000, 0x00000000e2900000, 0x0000000100000000)
  eden space 27648K, 0% used [0x00000000e0000000,0x00000000e0000000,0x00000000e1b00000)
  from space 6656K, 94% used [0x00000000e2200000,0x00000000e28209f0,0x00000000e2880000)
  to   space 7168K, 0% used [0x00000000e1b00000,0x00000000e1b00000,0x00000000e2200000)
 ParOldGen       total 38400K, used 7857K [0x00000000a0000000, 0x00000000a2580000, 0x00000000e0000000)
  object space 38400K, 20% used [0x00000000a0000000,0x00000000a07ac598,0x00000000a2580000)
 Metaspace       used 20749K, capacity 21104K, committed 21248K, reserved 1067008K
  class space    used 2923K, capacity 3062K, committed 3072K, reserved 1048576K
}
Event: 24.103 GC heap before
{Heap before GC invocations=9 (full 1):
 PSYoungGen      total 34304K, used 6274K [0x00000000e0000000, 0x00000000e2900000, 0x0000000100000000)
  eden space 27648K, 0% used [0x00000000e0000000,0x00000000e0000000,0x00000000e1b00000)
  from space 6656K, 94% used [0x00000000e2200000,0x00000000e28209f0,0x00000000e2880000)
  to   space 7168K, 0% used [0x00000000e1b00000,0x00000000e1b00000,0x00000000e2200000)
 ParOldGen       total 38400K, used 7857K [0x00000000a0000000, 0x00000000a2580000, 0x00000000e0000000)
  object space 38400K, 20% used [0x00000000a0000000,0x00000000a07ac598,0x00000000a2580000)
 Metaspace       used 20749K, capacity 21104K, committed 21248K, reserved 1067008K
  class space    used 2923K, capacity 3062K, committed 3072K, reserved 1048576K
Event: 24.340 GC heap after
Heap after GC invocations=9 (full 1):
 PSYoungGen      total 34304K, used 0K [0x00000000e0000000, 0x00000000e2900000, 0x0000000100000000)
  eden space 27648K, 0% used [0x00000000e0000000,0x00000000e0000000,0x00000000e1b00000)
  from space 6656K, 0% used [0x00000000e2200000,0x00000000e2200000,0x00000000e2880000)
  to   space 7168K, 0% used [0x00000000e1b00000,0x00000000e1b00000,0x00000000e2200000)
 ParOldGen       total 35328K, used 9219K [0x00000000a0000000, 0x00000000a2280000, 0x00000000e0000000)
  object space 35328K, 26% used [0x00000000a0000000,0x00000000a0900ee0,0x00000000a2280000)
 Metaspace       used 20749K, capacity 21104K, committed 21248K, reserved 1067008K
  class space    used 2923K, capacity 3062K, committed 3072K, reserved 1048576K
}
Event: 30.087 GC heap before
{Heap before GC invocations=10 (full 1):
 PSYoungGen      total 34304K, used 27648K [0x00000000e0000000, 0x00000000e2900000, 0x0000000100000000)
  eden space 27648K, 100% used [0x00000000e0000000,0x00000000e1b00000,0x00000000e1b00000)
  from space 6656K, 0% used [0x00000000e2200000,0x00000000e2200000,0x00000000e2880000)
  to   space 7168K, 0% used [0x00000000e1b00000,0x00000000e1b00000,0x00000000e2200000)
 ParOldGen       total 35328K, used 9219K [0x00000000a0000000, 0x00000000a2280000, 0x00000000e0000000)
  object space 35328K, 26% used [0x00000000a0000000,0x00000000a0900ee0,0x00000000a2280000)
 Metaspace       used 25384K, capacity 25814K, committed 26112K, reserved 1071104K
  class space    used 3415K, capacity 3582K, committed 3584K, reserved 1048576K
Event: 30.125 GC heap after
Heap after GC invocations=10 (full 1):
 PSYoungGen      total 34816K, used 3956K [0x00000000e0000000, 0x00000000e3080000, 0x0000000100000000)
  eden space 27648K, 0% used [0x00000000e0000000,0x00000000e0000000,0x00000000e1b00000)
  from space 7168K, 55% used [0x00000000e1b00000,0x00000000e1edd048,0x00000000e2200000)
  to   space 7168K, 0% used [0x00000000e2980000,0x00000000e2980000,0x00000000e3080000)
 ParOldGen       total 35328K, used 9227K [0x00000000a0000000, 0x00000000a2280000, 0x00000000e0000000)
  object space 35328K, 26% used [0x00000000a0000000,0x00000000a0902ee0,0x00000000a2280000)
 Metaspace       used 25384K, capacity 25814K, committed 26112K, reserved 1071104K
  class space    used 3415K, capacity 3582K, committed 3584K, reserved 1048576K
}

