# JRE version: OpenJDK Runtime Environment (8.0_202-b03) (build 1.8.0_202-release-1483-b03)
# Java VM: OpenJDK 64-Bit Server VM (25.202-b03 mixed mode windows-amd64 compressed oops)
Heap:
 PSYoungGen      total 64512K, used 38540K [0x00000000e0000000, 0x00000000e4600000, 0x0000000100000000)
  eden space 58368K, 55% used [0x00000000e0000000,0x00000000e1faa1b0,0x00000000e3900000)
  from space 6144K, 99% used [0x00000000e3900000,0x00000000e3ef90c0,0x00000000e3f00000)
  to   space 5120K, 0% used [0x00000000e3f00000,0x00000000e3f00000,0x00000000e4400000)
 ParOldGen       total 29184K, used 8381K [0x00000000a0000000, 0x00000000a1c80000, 0x00000000e0000000)
  object space 29184K, 28% used [0x00000000a0000000,0x00000000a082f530,0x00000000a1c80000)
 Metaspace       used 29838K, capacity 30388K, committed 30464K, reserved 1075200K
  class space    used 4133K, capacity 4335K, committed 4352K, reserved 1048576K
GC Heap History (10 events):
Event: 5.811 GC heap before
{Heap before GC invocations=6 (full 0):
 PSYoungGen      total 31744K, used 31712K [0x00000000e0000000, 0x00000000e4400000, 0x0000000100000000)
  eden space 29696K, 100% used [0x00000000e0000000,0x00000000e1d00000,0x00000000e1d00000)
  from space 2048K, 98% used [0x00000000e1d00000,0x00000000e1ef8020,0x00000000e1f00000)
  to   space 5120K, 0% used [0x00000000e3f00000,0x00000000e3f00000,0x00000000e4400000)
 ParOldGen       total 38400K, used 6731K [0x00000000a0000000, 0x00000000a2580000, 0x00000000e0000000)
  object space 38400K, 17% used [0x00000000a0000000,0x00000000a0692e78,0x00000000a2580000)
 Metaspace       used 14692K, capacity 15100K, committed 15360K, reserved 1062912K
  class space    used 2082K, capacity 2224K, committed 2304K, reserved 1048576K
Event: 5.823 GC heap after
Heap after GC invocations=6 (full 0):
 PSYoungGen      total 63488K, used 5101K [0x00000000e0000000, 0x00000000e4600000, 0x0000000100000000)
  eden space 58368K, 0% used [0x00000000e0000000,0x00000000e0000000,0x00000000e3900000)
  from space 5120K, 99% used [0x00000000e3f00000,0x00000000e43fb7b0,0x00000000e4400000)
  to   space 6144K, 0% used [0x00000000e3900000,0x00000000e3900000,0x00000000e3f00000)
 ParOldGen       total 38400K, used 6803K [0x00000000a0000000, 0x00000000a2580000, 0x00000000e0000000)
  object space 38400K, 17% used [0x00000000a0000000,0x00000000a06a4c88,0x00000000a2580000)
 Metaspace       used 14692K, capacity 15100K, committed 15360K, reserved 1062912K
  class space    used 2082K, capacity 2224K, committed 2304K, reserved 1048576K
}
Event: 9.181 GC heap before
{Heap before GC invocations=7 (full 0):
 PSYoungGen      total 63488K, used 63469K [0x00000000e0000000, 0x00000000e4600000, 0x0000000100000000)
  eden space 58368K, 100% used [0x00000000e0000000,0x00000000e3900000,0x00000000e3900000)
  from space 5120K, 99% used [0x00000000e3f00000,0x00000000e43fb7b0,0x00000000e4400000)
  to   space 6144K, 0% used [0x00000000e3900000,0x00000000e3900000,0x00000000e3f00000)
 ParOldGen       total 38400K, used 6803K [0x00000000a0000000, 0x00000000a2580000, 0x00000000e0000000)
  object space 38400K, 17% used [0x00000000a0000000,0x00000000a06a4c88,0x00000000a2580000)
 Metaspace       used 20363K, capacity 20848K, committed 21120K, reserved 1067008K
  class space    used 2953K, capacity 3125K, committed 3200K, reserved 1048576K
Event: 9.204 GC heap after
Heap after GC invocations=7 (full 0):
 PSYoungGen      total 64512K, used 6137K [0x00000000e0000000, 0x00000000e4600000, 0x0000000100000000)
  eden space 58368K, 0% used [0x00000000e0000000,0x00000000e0000000,0x00000000e3900000)
  from space 6144K, 99% used [0x00000000e3900000,0x00000000e3efe748,0x00000000e3f00000)
  to   space 5120K, 0% used [0x00000000e3f00000,0x00000000e3f00000,0x00000000e4400000)
 ParOldGen       total 38400K, used 11036K [0x00000000a0000000, 0x00000000a2580000, 0x00000000e0000000)
  object space 38400K, 28% used [0x00000000a0000000,0x00000000a0ac7210,0x00000000a2580000)
 Metaspace       used 20363K, capacity 20848K, committed 21120K, reserved 1067008K
  class space    used 2953K, capacity 3125K, committed 3200K, reserved 1048576K
}
Event: 9.229 GC heap before
{Heap before GC invocations=8 (full 0):
 PSYoungGen      total 64512K, used 7522K [0x00000000e0000000, 0x00000000e4600000, 0x0000000100000000)
  eden space 58368K, 2% used [0x00000000e0000000,0x00000000e015a288,0x00000000e3900000)
  from space 6144K, 99% used [0x00000000e3900000,0x00000000e3efe748,0x00000000e3f00000)
  to   space 5120K, 0% used [0x00000000e3f00000,0x00000000e3f00000,0x00000000e4400000)
 ParOldGen       total 38400K, used 11036K [0x00000000a0000000, 0x00000000a2580000, 0x00000000e0000000)
  object space 38400K, 28% used [0x00000000a0000000,0x00000000a0ac7210,0x00000000a2580000)
 Metaspace       used 20712K, capacity 21168K, committed 21296K, reserved 1067008K
  class space    used 2953K, capacity 3125K, committed 3200K, reserved 1048576K
Event: 9.236 GC heap after
Heap after GC invocations=8 (full 0):
 PSYoungGen      total 63488K, used 4360K [0x00000000e0000000, 0x00000000e4600000, 0x0000000100000000)
  eden space 58368K, 0% used [0x00000000e0000000,0x00000000e0000000,0x00000000e3900000)
  from space 5120K, 85% used [0x00000000e3f00000,0x00000000e43420c8,0x00000000e4400000)
  to   space 6144K, 0% used [0x00000000e3900000,0x00000000e3900000,0x00000000e3f00000)
 ParOldGen       total 38400K, used 11692K [0x00000000a0000000, 0x00000000a2580000, 0x00000000e0000000)
  object space 38400K, 30% used [0x00000000a0000000,0x00000000a0b6b230,0x00000000a2580000)
 Metaspace       used 20712K, capacity 21168K, committed 21296K, reserved 1067008K
  class space    used 2953K, capacity 3125K, committed 3200K, reserved 1048576K
}
Event: 9.236 GC heap before
{Heap before GC invocations=9 (full 1):
 PSYoungGen      total 63488K, used 4360K [0x00000000e0000000, 0x00000000e4600000, 0x0000000100000000)
  eden space 58368K, 0% used [0x00000000e0000000,0x00000000e0000000,0x00000000e3900000)
  from space 5120K, 85% used [0x00000000e3f00000,0x00000000e43420c8,0x00000000e4400000)
  to   space 6144K, 0% used [0x00000000e3900000,0x00000000e3900000,0x00000000e3f00000)
 ParOldGen       total 38400K, used 11692K [0x00000000a0000000, 0x00000000a2580000, 0x00000000e0000000)
  object space 38400K, 30% used [0x00000000a0000000,0x00000000a0b6b230,0x00000000a2580000)
 Metaspace       used 20712K, capacity 21168K, committed 21296K, reserved 1067008K
  class space    used 2953K, capacity 3125K, committed 3200K, reserved 1048576K
Event: 9.326 GC heap after
Heap after GC invocations=9 (full 1):
 PSYoungGen      total 63488K, used 0K [0x00000000e0000000, 0x00000000e4600000, 0x0000000100000000)
  eden space 58368K, 0% used [0x00000000e0000000,0x00000000e0000000,0x00000000e3900000)
  from space 5120K, 0% used [0x00000000e3f00000,0x00000000e3f00000,0x00000000e4400000)
  to   space 6144K, 0% used [0x00000000e3900000,0x00000000e3900000,0x00000000e3f00000)
 ParOldGen       total 29184K, used 7596K [0x00000000a0000000, 0x00000000a1c80000, 0x00000000e0000000)
  object space 29184K, 26% used [0x00000000a0000000,0x00000000a076b200,0x00000000a1c80000)
 Metaspace       used 20712K, capacity 21168K, committed 21296K, reserved 1067008K
  class space    used 2953K, capacity 3125K, committed 3200K, reserved 1048576K
}
Event: 11.849 GC heap before
{Heap before GC invocations=10 (full 1):
 PSYoungGen      total 63488K, used 58368K [0x00000000e0000000, 0x00000000e4600000, 0x0000000100000000)
  eden space 58368K, 100% used [0x00000000e0000000,0x00000000e3900000,0x00000000e3900000)
  from space 5120K, 0% used [0x00000000e3f00000,0x00000000e3f00000,0x00000000e4400000)
  to   space 6144K, 0% used [0x00000000e3900000,0x00000000e3900000,0x00000000e3f00000)
 ParOldGen       total 29184K, used 7596K [0x00000000a0000000, 0x00000000a1c80000, 0x00000000e0000000)
  object space 29184K, 26% used [0x00000000a0000000,0x00000000a076b200,0x00000000a1c80000)
 Metaspace       used 27647K, capacity 28172K, committed 28288K, reserved 1073152K
  class space    used 3772K, capacity 3965K, committed 3968K, reserved 1048576K
Event: 11.859 GC heap after
Heap after GC invocations=10 (full 1):
 PSYoungGen      total 64512K, used 6116K [0x00000000e0000000, 0x00000000e4600000, 0x0000000100000000)
  eden space 58368K, 0% used [0x00000000e0000000,0x00000000e0000000,0x00000000e3900000)
  from space 6144K, 99% used [0x00000000e3900000,0x00000000e3ef90c0,0x00000000e3f00000)
  to   space 5120K, 0% used [0x00000000e3f00000,0x00000000e3f00000,0x00000000e4400000)
 ParOldGen       total 29184K, used 8381K [0x00000000a0000000, 0x00000000a1c80000, 0x00000000e0000000)
  object space 29184K, 28% used [0x00000000a0000000,0x00000000a082f530,0x00000000a1c80000)
 Metaspace       used 27647K, capacity 28172K, committed 28288K, reserved 1073152K
  class space    used 3772K, capacity 3965K, committed 3968K, reserved 1048576K
}

